Nexial Version:    nexial-core 3.0_0816
Current Timestamp: 2020-10-15 17:44:06.278
Test Step:         [MyNexial2Demo.20201015_174338.001.xlsx][Scenario][Activity 2][ROW   6][web][open(url)]
--------------------------------------------------------------------------------
org.openqa.selenium.TimeoutException: Timeout loading page after 15000ms
Build info: version: '3.141.59', revision: 'e82be7d358', time: '2018-11-14T08:17:03'
System info: host: 'ATMECSINLT-135', ip: '192.168.67.2', os.name: 'Windows 10', os.arch: 'amd64', os.version: '10.0', java.version: '1.8.0_201'
Driver info: org.openqa.selenium.firefox.FirefoxDriver
Capabilities {acceptInsecureCerts: true, browserName: firefox, browserVersion: 79.0, javascriptEnabled: true, moz:accessibilityChecks: false, moz:buildID: 20200720193547, moz:geckodriverVersion: 0.27.0, moz:headless: false, moz:processID: 16368, moz:profile: C:\Users\mayur.patil\AppDat..., moz:shutdownTimeout: 60000, moz:useNonSpecCompliantPointerOrigin: false, moz:webdriverClick: true, pageLoadStrategy: eager, platform: WINDOWS, platformName: WINDOWS, platformVersion: 10.0, rotatable: false, setWindowRect: true, strictFileInteractability: false, timeouts: {implicit: 0, pageLoad: 300000, script: 30000}, unhandledPromptBehavior: accept}
Session ID: 22424578-8d6f-4ec4-827b-edc229b1fdbe
	at sun.reflect.NativeConstructorAccessorImpl.newInstance0(Native Method)
	at sun.reflect.NativeConstructorAccessorImpl.newInstance(NativeConstructorAccessorImpl.java:62)
	at sun.reflect.DelegatingConstructorAccessorImpl.newInstance(DelegatingConstructorAccessorImpl.java:45)
	at java.lang.reflect.Constructor.newInstance(Constructor.java:423)
	at org.openqa.selenium.remote.http.W3CHttpResponseCodec.createException(W3CHttpResponseCodec.java:187)
	at org.openqa.selenium.remote.http.W3CHttpResponseCodec.decode(W3CHttpResponseCodec.java:122)
	at org.openqa.selenium.remote.http.W3CHttpResponseCodec.decode(W3CHttpResponseCodec.java:49)
	at org.openqa.selenium.remote.HttpCommandExecutor.execute(HttpCommandExecutor.java:158)
	at org.openqa.selenium.remote.service.DriverCommandExecutor.execute(DriverCommandExecutor.java:83)
	at org.openqa.selenium.remote.RemoteWebDriver.execute(RemoteWebDriver.java:552)
	at org.openqa.selenium.remote.RemoteWebDriver.get(RemoteWebDriver.java:277)
	at org.nexial.core.plugins.web.WebCommand.openAndWait(WebCommand.java:1266)
	at org.nexial.core.plugins.web.WebCommand.open(WebCommand.java:1258)
	at sun.reflect.NativeMethodAccessorImpl.invoke0(Native Method)
	at sun.reflect.NativeMethodAccessorImpl.invoke(NativeMethodAccessorImpl.java:62)
	at sun.reflect.DelegatingMethodAccessorImpl.invoke(DelegatingMethodAccessorImpl.java:43)
	at java.lang.reflect.Method.invoke(Method.java:498)
	at org.nexial.core.plugins.base.BaseCommand.execute(BaseCommand.java:156)
	at org.nexial.core.model.TestStep.invokeCommand(TestStep.java:343)
	at org.nexial.core.model.TestStep.execute(TestStep.java:172)
	at org.nexial.core.model.TestCase.execute(TestCase.java:91)
	at org.nexial.core.model.TestScenario.execute(TestScenario.java:129)
	at org.nexial.core.model.ExecutionContext.execute(ExecutionContext.java:1266)
	at org.nexial.core.ExecutionThread.run(ExecutionThread.java:183)

