2020-10-15 17:43:35,052|I|Thread-1|(DELAYED) nexial-core 3.0_0816 starting up...
2020-10-15 17:43:35,062|I|Thread-1|(DELAYED) cleaning up outdated temp files...
2020-10-15 17:43:35,062|I|Thread-1|(DELAYED) data file resolved as C:\Users\MAYUR~1.PAT\AppData\Local\Temp\nxWOo\MyNexial2Demo.data.xlsx
2020-10-15 17:43:35,062|I|Thread-1|(DELAYED) input files and output directory resolved...
2020-10-15 17:43:35,062|I|Thread-1|(DELAYED) No predefined nexial-setup found
2020-10-15 17:43:35,062|I|Thread-1|(DELAYED) [20201015_174334] [C:\projects\MyNexial2Demo\artifact\script\MyNexial2Demo.xlsx] resolve RUN ID as 20201015_174334
2020-10-15 17:43:35,062|I|Thread-1|(DELAYED) [20201015_174334] [C:\projects\MyNexial2Demo\artifact\script\MyNexial2Demo.xlsx] new thread started
2020-10-15 17:43:35,062|I|Thread-1|No predefined nexial-setup found
2020-10-15 17:43:36,050|I|Thread-1|outputBase not set; output-to-cloud DISABLED!
2020-10-15 17:43:36,050|I|Thread-1|accessKey not set; output-to-cloud DISABLED!
2020-10-15 17:43:36,050|I|Thread-1|secretKey not set; output-to-cloud DISABLED!
2020-10-15 17:43:36,828|I|Thread-1|missing REQUIRED configuration; sms DISABLED!
2020-10-15 17:43:38,848|I|Thread-1|On-Demand Inspection detection enabled
2020-10-15 17:43:38,848|I|Thread-1|[20201015_174334] executing C:\projects\MyNexial2Demo\artifact\script\MyNexial2Demo.xlsx with 1 iteration(s)
2020-10-15 17:43:38,856|I|Thread-1|[20201015_174334] create directory C:\projects\MyNexial2Demo\output\20201015_174334\captures
2020-10-15 17:43:38,856|I|Thread-1|[20201015_174334] create directory C:\projects\MyNexial2Demo\output\20201015_174334\logs
2020-10-15 17:43:39,843|I|Thread-1|[20201015_174334] merging test data to tmp file C:\projects\MyNexial2Demo\output\20201015_174334\MyNexial2Demo.20201015_174338.001.xlsx
2020-10-15 17:43:39,843|I|Thread-1|refetch data from C:\projects\MyNexial2Demo\artifact\data\MyNexial2Demo.data.xlsx
2020-10-15 17:43:40,242|I|Thread-1|[20201015_174334] test script and test data merged to C:\projects\MyNexial2Demo\output\20201015_174334\MyNexial2Demo.20201015_174338.001.xlsx
2020-10-15 17:43:41,308|I|Thread-1|STARTS
2020-10-15 17:43:41,356|I|Thread-1|MyNexial2Demo.20201015_174338.001 - executing iteration #1 of 1; Iteration Id 1
2020-10-15 17:43:41,376|I|Thread-1|MyNexial2Demo.20201015_174338.001|Scenario - executing test scenario
2020-10-15 17:43:41,376|I|Thread-1|MyNexial2Demo.20201015_174338.001|Scenario|Activity 1 - executing activity
2020-10-15 17:43:41,990|I|Thread-1|MyNexial2Demo.20201015_174338.001|Scenario|Activity 1|#  5|base.verbose(text) - executing verbose(text)(Hello World! It's now $(sysdate|now|yyyy-MM-dd HH:mm:ss.S))
2020-10-15 17:43:42,142|I|Thread-1|MyNexial2Demo.20201015_174338.001|Scenario|Activity 1|#  5|base.verbose(text) - Hello World! It's now 2020-10-15 17:43:42.14
2020-10-15 17:43:42,439|I|Thread-1|MyNexial2Demo.20201015_174338.001|Scenario|Activity 1|#  5|base.verbose(text) - PASS 
2020-10-15 17:43:42,447|I|Thread-1|MyNexial2Demo.20201015_174338.001|Scenario|Activity 2 - executing activity
2020-10-15 17:43:43,054|I|Thread-1|MyNexial2Demo.20201015_174338.001|Scenario|Activity 2|#  6|web.open(url) - executing open(url)(https://opensource-demo.orangehrmlive.com/)
2020-10-15 17:43:43,134|I|Thread-1|No valid instance of webdriver, initializing...
2020-10-15 17:43:43,134|I|Thread-1|init firefox
2020-10-15 17:43:50,715|I|Thread-1|browser initialization completed for 'firefox'
2020-10-15 17:43:51,057|I|Thread-1|setting browser page load timeout to 15000 ms
2020-10-15 17:43:51,073|I|Thread-1|setting browser polling wait time to 800 ms
2020-10-15 17:44:06,500|E|Thread-1|Check corresponding error log for details: C:\projects\MyNexial2Demo\output\20201015_174334\logs\MyNexial2Demo.20201015_174338.001.xlsx_Scenario_A6.log
2020-10-15 17:44:06,500|E|Thread-1|MyNexial2Demo.20201015_174338.001|Scenario|Activity 2|#  6|web.open(url) - FAIL EXECUTING COMMAND: web.open(url)('https://opensource-demo.orangehrmlive.com/')
UNKNOWN ERROR: Timeout loading page after 15000ms Build info: version: '3.141.59', revision: 'e82be7d358', time: '2018-11-14T08:17:03'...
2020-10-15 17:44:06,513|E|Thread-1|MyNexial2Demo.20201015_174338.001|Scenario|Activity 2|#  6|web.open(url) - Error log: C:\projects\MyNexial2Demo\output\20201015_174334\logs\MyNexial2Demo.20201015_174338.001.xlsx_Scenario_A6.log
2020-10-15 17:44:06,513|I|Thread-1|MyNexial2Demo.20201015_174338.001|Scenario|Activity 2 - [ABORT] due to failure on fail-fast command: web.open(url)
2020-10-15 17:44:06,513|I|Thread-1|MyNexial2Demo.20201015_174338.001|Scenario - [ABORT] skipping test activity due to previous failure
2020-10-15 17:44:06,709|I|Thread-1|[MyNexial2Demo.20201015_174338.001|Scenario] saving test scenario
2020-10-15 17:44:07,021|I|Thread-1|MyNexial2Demo.20201015_174338.001 - [ABORT] fail-immediate in effect - test execution will stop now.
2020-10-15 17:44:07,029|I|Thread-1|[20201015_174334] 
/-TEST COMPLETE-----------------------------------------------------------------
| Test Output:    C:\projects\MyNexial2Demo\output\20201015_174334\MyNexial2Demo.20201015_174338.001.xlsx
| Iteration:      1
\-------------------------------------------------------------------------------
» Execution Time: 25661 ms
» Test Steps:     9
» Error(s):       1



2020-10-15 17:44:07,029|I|Thread-1|MyNexial2Demo.20201015_174338.001 - [ABORT] fail-immediate in effect - test execution will stop now.
2020-10-15 17:44:09,458|I|Thread-1|[20201015_174334] 
/-TEST COMPLETE-----------------------------------------------------------------
| Test Script:    C:\projects\MyNexial2Demo\artifact\script\MyNexial2Demo.xlsx
\-------------------------------------------------------------------------------
» Execution Time: 34720 ms
» Iterations:     [1] total 1
» Test Steps:     9
» Passed:         1
» Error(s):       1
» Iteration 1 of 1: C:\projects\MyNexial2Demo\output\20201015_174334\MyNexial2Demo.20201015_174338.001.xlsx



2020-10-15 17:44:09,458|I|Thread-1|nexial mailer not enabled: nexial.enableEmail=false
2020-10-15 17:44:09,844|I|main|[20201015_174334] [C:\projects\MyNexial2Demo\artifact\script\MyNexial2Demo.xlsx] now completed
2020-10-15 17:44:09,844|I|main|[20201015_174334] all execution thread(s) have terminated
2020-10-15 17:44:09,844|I|main|[20201015_174334] test run completed in about 35 seconds
2020-10-15 17:44:10,041|I|main|No predefined nexial-setup found
2020-10-15 17:44:10,092|I|main|outputBase not set; output-to-cloud DISABLED!
2020-10-15 17:44:10,100|I|main|accessKey not set; output-to-cloud DISABLED!
2020-10-15 17:44:10,102|I|main|secretKey not set; output-to-cloud DISABLED!
2020-10-15 17:44:10,152|I|main|generating HTML output for this execution to C:\projects\MyNexial2Demo\output\20201015_174334\execution-output.html
2020-10-15 17:44:11,413|I|main|generating JUnit XML output for this execution to C:\projects\MyNexial2Demo\output\20201015_174334\junit.xml
2020-10-15 17:44:11,504|I|main|generated JUnit report for this execution: C:\projects\MyNexial2Demo\output\20201015_174334\junit.xml
2020-10-15 17:44:11,526|I|main|nexial mailer not enabled: nexial.enableEmail=false
2020-10-15 17:44:11,526|I|main|skipped email notification as configured
2020-10-15 17:44:11,526|I|main|exiting Nexial...
2020-10-15 17:44:11,534|I|main|shutdown starts...
2020-10-15 17:44:11,534|I|main|Shutting down 'firefox' webdriver...
2020-10-15 17:44:12,543|I|main|Quits this driver, closing every associated window.
2020-10-15 17:44:19,788|I|main|shutdown ends...
2020-10-15 17:44:19,794|I|main|

/-END OF EXECUTION--------------------------------------------------------------
| » Execution Time: 35 sec.
| » Test Steps....: 2
| » Passed........: 1
| » Failed........: 1
| » Success Rate..: 50.00%
\----------------------------------------------------------nexial-core 3.0_0816-

2020-10-15 17:44:19,794|E|main|failure found; success rate is 50.00%
2020-10-15 17:44:19,794|I|main|End of Execution:
NEXIAL_OUTPUT:         C:\projects\MyNexial2Demo\output\20201015_174334
NEXIAL_EXECUTION_HTML: C:\projects\MyNexial2Demo\output\20201015_174334\execution-output.html
NEXIAL_JUNIT_XML:      C:\projects\MyNexial2Demo\output\20201015_174334\junit.xml
NEXIAL_SUCCESS_RATE:   50.00%
NEXIAL_EXIT_STATUS:    -13
