2020-10-15 17:08:16,900|I|Thread-1|(DELAYED) nexial-core 3.0_0816 starting up...
2020-10-15 17:08:16,916|I|Thread-1|(DELAYED) cleaning up outdated temp files...
2020-10-15 17:08:16,916|I|Thread-1|(DELAYED) data file resolved as C:\Users\MAYUR~1.PAT\AppData\Local\Temp\kDSel\MyNexial2Demo.data.xlsx
2020-10-15 17:08:16,916|I|Thread-1|(DELAYED) input files and output directory resolved...
2020-10-15 17:08:16,916|I|Thread-1|(DELAYED) No predefined nexial-setup found
2020-10-15 17:08:16,916|I|Thread-1|(DELAYED) [20201015_170816] [C:\projects\MyNexial2Demo\artifact\script\MyNexial2Demo.xlsx] resolve RUN ID as 20201015_170816
2020-10-15 17:08:17,021|I|Thread-1|(DELAYED) [20201015_170816] [C:\projects\MyNexial2Demo\artifact\script\MyNexial2Demo.xlsx] new thread started
2020-10-15 17:08:17,021|I|Thread-1|No predefined nexial-setup found
2020-10-15 17:08:17,978|I|Thread-1|outputBase not set; output-to-cloud DISABLED!
2020-10-15 17:08:17,978|I|Thread-1|accessKey not set; output-to-cloud DISABLED!
2020-10-15 17:08:17,978|I|Thread-1|secretKey not set; output-to-cloud DISABLED!
2020-10-15 17:08:18,708|I|Thread-1|missing REQUIRED configuration; sms DISABLED!
2020-10-15 17:08:20,769|I|Thread-1|On-Demand Inspection detection enabled
2020-10-15 17:08:20,777|I|Thread-1|[20201015_170816] executing C:\projects\MyNexial2Demo\artifact\script\MyNexial2Demo.xlsx with 1 iteration(s)
2020-10-15 17:08:20,796|I|Thread-1|[20201015_170816] create directory C:\projects\MyNexial2Demo\output\20201015_170816\captures
2020-10-15 17:08:20,804|I|Thread-1|[20201015_170816] create directory C:\projects\MyNexial2Demo\output\20201015_170816\logs
2020-10-15 17:08:21,915|I|Thread-1|[20201015_170816] merging test data to tmp file C:\projects\MyNexial2Demo\output\20201015_170816\MyNexial2Demo.20201015_170820.001.xlsx
2020-10-15 17:08:21,923|I|Thread-1|refetch data from C:\projects\MyNexial2Demo\artifact\data\MyNexial2Demo.data.xlsx
2020-10-15 17:08:22,397|I|Thread-1|[20201015_170816] test script and test data merged to C:\projects\MyNexial2Demo\output\20201015_170816\MyNexial2Demo.20201015_170820.001.xlsx
2020-10-15 17:08:23,633|I|Thread-1|STARTS
2020-10-15 17:08:23,684|I|Thread-1|MyNexial2Demo.20201015_170820.001 - executing iteration #1 of 1; Iteration Id 1
2020-10-15 17:08:23,692|I|Thread-1|MyNexial2Demo.20201015_170820.001|Scenario - executing test scenario
2020-10-15 17:08:23,708|I|Thread-1|MyNexial2Demo.20201015_170820.001|Scenario|Activity 1 - executing activity
2020-10-15 17:08:24,338|I|Thread-1|MyNexial2Demo.20201015_170820.001|Scenario|Activity 1|#  5|base.verbose(text) - executing verbose(text)(Hello World! It's now $(sysdate|now|yyyy-MM-dd HH:mm:ss.S))
2020-10-15 17:08:24,453|I|Thread-1|MyNexial2Demo.20201015_170820.001|Scenario|Activity 1|#  5|base.verbose(text) - Hello World! It's now 2020-10-15 17:08:24.338
2020-10-15 17:08:24,825|I|Thread-1|MyNexial2Demo.20201015_170820.001|Scenario|Activity 1|#  5|base.verbose(text) - PASS 
2020-10-15 17:08:24,825|I|Thread-1|MyNexial2Demo.20201015_170820.001|Scenario|Activity 2 - executing activity
2020-10-15 17:08:25,425|I|Thread-1|MyNexial2Demo.20201015_170820.001|Scenario|Activity 2|#  6|web.open(url) - executing open(url)(https://opensource-demo.orangehrmlive.com/)
2020-10-15 17:08:25,464|I|Thread-1|No valid instance of webdriver, initializing...
2020-10-15 17:08:25,464|I|Thread-1|init firefox
2020-10-15 17:08:33,786|I|Thread-1|browser initialization completed for 'firefox'
2020-10-15 17:08:34,030|I|Thread-1|setting browser page load timeout to 15000 ms
2020-10-15 17:08:34,067|I|Thread-1|setting browser polling wait time to 800 ms
2020-10-15 17:08:45,333|I|Thread-1|current browser window handle:8
2020-10-15 17:08:47,920|I|Thread-1|MyNexial2Demo.20201015_170820.001|Scenario|Activity 2|#  6|web.open(url) - PASS opened URL https://opensource-demo.orangehrmlive.com/
2020-10-15 17:08:48,536|I|Thread-1|MyNexial2Demo.20201015_170820.001|Scenario|Activity 2|#  7|web.click(locator) - executing click(locator)(//input[@id='txtUsername'])
2020-10-15 17:08:48,556|I|Thread-1|clicking '//input[@id='txtUsername']'...
2020-10-15 17:08:48,589|I|Thread-1|click target via JS, @id=txtUsername
2020-10-15 17:08:48,625|I|Thread-1|clicked -> true
2020-10-15 17:08:48,629|I|Thread-1|MyNexial2Demo.20201015_170820.001|Scenario|Activity 2|#  7|web.click(locator) - PASS click via JS event
2020-10-15 17:08:49,237|I|Thread-1|MyNexial2Demo.20201015_170820.001|Scenario|Activity 2|#  8|web.type(locator,value) - executing type(locator,value)(//input[@id='txtUsername'], Admin)
2020-10-15 17:08:49,538|I|Thread-1|MyNexial2Demo.20201015_170820.001|Scenario|Activity 2|#  8|web.type(locator,value) - PASS typed text at '//input[@id='txtUsername']'
2020-10-15 17:08:50,142|I|Thread-1|MyNexial2Demo.20201015_170820.001|Scenario|Activity 2|#  9|web.click(locator) - executing click(locator)(//input[@id='txtPassword'])
2020-10-15 17:08:50,174|I|Thread-1|clicking '//input[@id='txtPassword']'...
2020-10-15 17:08:50,209|I|Thread-1|click target via JS, @id=txtPassword
2020-10-15 17:08:50,240|I|Thread-1|clicked -> true
2020-10-15 17:08:50,254|I|Thread-1|MyNexial2Demo.20201015_170820.001|Scenario|Activity 2|#  9|web.click(locator) - PASS click via JS event
2020-10-15 17:08:50,858|I|Thread-1|MyNexial2Demo.20201015_170820.001|Scenario|Activity 2|# 10|web.type(locator,value) - executing type(locator,value)(//input[@id='txtPassword'], admin123)
2020-10-15 17:08:51,100|I|Thread-1|MyNexial2Demo.20201015_170820.001|Scenario|Activity 2|# 10|web.type(locator,value) - PASS typed text at '//input[@id='txtPassword']'
2020-10-15 17:08:51,720|I|Thread-1|MyNexial2Demo.20201015_170820.001|Scenario|Activity 2|# 11|web.click(locator) - executing click(locator)(//input[@id='btnLogin'])
2020-10-15 17:08:51,751|I|Thread-1|clicking '//input[@id='btnLogin']'...
2020-10-15 17:08:51,820|I|Thread-1|click target via JS, @id=btnLogin
2020-10-15 17:08:51,867|I|Thread-1|clicked -> true
2020-10-15 17:08:51,867|I|Thread-1|MyNexial2Demo.20201015_170820.001|Scenario|Activity 2|# 11|web.click(locator) - PASS click via JS event
2020-10-15 17:08:52,484|I|Thread-1|MyNexial2Demo.20201015_170820.001|Scenario|Activity 2|# 12|web.waitForElementPresent - executing waitForElementPresent(locator)(//a[@id='welcome'])
2020-10-15 17:08:53,429|I|Thread-1|MyNexial2Demo.20201015_170820.001|Scenario|Activity 2|# 12|web.waitForElementPresent - Condition not be met on the current browser within specified wait time of 800 ms
2020-10-15 17:08:53,460|E|Thread-1|MyNexial2Demo.20201015_170820.001|Scenario|Activity 2|# 12|web.waitForElementPresent - FAIL null
2020-10-15 17:08:54,076|I|Thread-1|MyNexial2Demo.20201015_170820.001|Scenario|Activity 2|# 13|web.assertText(locator,te - executing assertText(locator,text)(//a[@id='welcome'], Welcome Admin)
2020-10-15 17:08:54,914|E|Thread-1|MyNexial2Demo.20201015_170820.001|Scenario|Activity 2|# 13|web.assertText(locator,te - Unable to locate element: //a[@id='welcome']
2020-10-15 17:08:55,193|E|Thread-1|Check corresponding error log for details: C:\projects\MyNexial2Demo\output\20201015_170816\logs\MyNexial2Demo.20201015_170820.001.xlsx_Scenario_A13.log
2020-10-15 17:08:55,194|E|Thread-1|MyNexial2Demo.20201015_170820.001|Scenario|Activity 2|# 13|web.assertText(locator,te - FAIL 
expected=Welcome Admin
actual  =<null/undefined>
2020-10-15 17:08:55,203|E|Thread-1|MyNexial2Demo.20201015_170820.001|Scenario|Activity 2|# 13|web.assertText(locator,te - Error log: C:\projects\MyNexial2Demo\output\20201015_170816\logs\MyNexial2Demo.20201015_170820.001.xlsx_Scenario_A13.log
2020-10-15 17:08:55,690|I|Thread-1|[MyNexial2Demo.20201015_170820.001|Scenario] saving test scenario
2020-10-15 17:08:56,171|I|Thread-1|[20201015_170816] 
/-TEST COMPLETE-----------------------------------------------------------------
| Test Output:    C:\projects\MyNexial2Demo\output\20201015_170816\MyNexial2Demo.20201015_170820.001.xlsx
| Iteration:      1
\-------------------------------------------------------------------------------
» Execution Time: 32466 ms
» Test Steps:     9
» Error(s):       2



2020-10-15 17:08:59,066|I|Thread-1|[20201015_170816] 
/-TEST COMPLETE-----------------------------------------------------------------
| Test Script:    C:\projects\MyNexial2Demo\artifact\script\MyNexial2Demo.xlsx
\-------------------------------------------------------------------------------
» Execution Time: 42413 ms
» Iterations:     [1] total 1
» Test Steps:     9
» Passed:         7
» Error(s):       2
» Iteration 1 of 1: C:\projects\MyNexial2Demo\output\20201015_170816\MyNexial2Demo.20201015_170820.001.xlsx



2020-10-15 17:08:59,066|I|Thread-1|nexial mailer not enabled: nexial.enableEmail=false
2020-10-15 17:08:59,166|I|main|[20201015_170816] [C:\projects\MyNexial2Demo\artifact\script\MyNexial2Demo.xlsx] now completed
2020-10-15 17:08:59,166|I|main|[20201015_170816] all execution thread(s) have terminated
2020-10-15 17:08:59,166|I|main|[20201015_170816] test run completed in about 42 seconds
2020-10-15 17:08:59,362|I|main|No predefined nexial-setup found
2020-10-15 17:08:59,420|I|main|outputBase not set; output-to-cloud DISABLED!
2020-10-15 17:08:59,420|I|main|accessKey not set; output-to-cloud DISABLED!
2020-10-15 17:08:59,420|I|main|secretKey not set; output-to-cloud DISABLED!
2020-10-15 17:08:59,420|I|main|generating HTML output for this execution to C:\projects\MyNexial2Demo\output\20201015_170816\execution-output.html
2020-10-15 17:09:00,627|I|main|generating JUnit XML output for this execution to C:\projects\MyNexial2Demo\output\20201015_170816\junit.xml
2020-10-15 17:09:00,710|I|main|generated JUnit report for this execution: C:\projects\MyNexial2Demo\output\20201015_170816\junit.xml
2020-10-15 17:09:00,741|I|main|nexial mailer not enabled: nexial.enableEmail=false
2020-10-15 17:09:00,757|I|main|skipped email notification as configured
2020-10-15 17:09:00,757|I|main|exiting Nexial...
2020-10-15 17:09:00,757|I|main|shutdown starts...
2020-10-15 17:09:00,757|I|main|Shutting down 'firefox' webdriver...
2020-10-15 17:09:01,771|I|main|Quits this driver, closing every associated window.
2020-10-15 17:09:10,009|I|main|shutdown ends...
2020-10-15 17:09:10,009|I|main|

/-END OF EXECUTION--------------------------------------------------------------
| » Execution Time: 42 sec.
| » Test Steps....: 9
| » Passed........: 7
| » Failed........: 2
| » Success Rate..: 77.78%
\----------------------------------------------------------nexial-core 3.0_0816-

2020-10-15 17:09:10,009|E|main|failure found; success rate is 77.78%
2020-10-15 17:09:10,009|I|main|End of Execution:
NEXIAL_OUTPUT:         C:\projects\MyNexial2Demo\output\20201015_170816
NEXIAL_EXECUTION_HTML: C:\projects\MyNexial2Demo\output\20201015_170816\execution-output.html
NEXIAL_JUNIT_XML:      C:\projects\MyNexial2Demo\output\20201015_170816\junit.xml
NEXIAL_SUCCESS_RATE:   77.78%
NEXIAL_EXIT_STATUS:    -13
