2020-10-15 17:36:17,430|I|Thread-1|(DELAYED) nexial-core 3.0_0816 starting up...
2020-10-15 17:36:17,438|I|Thread-1|(DELAYED) cleaning up outdated temp files...
2020-10-15 17:36:17,446|I|Thread-1|(DELAYED) data file resolved as C:\Users\MAYUR~1.PAT\AppData\Local\Temp\XjhYM\MyNexial2Demo.data.xlsx
2020-10-15 17:36:17,446|I|Thread-1|(DELAYED) input files and output directory resolved...
2020-10-15 17:36:17,446|I|Thread-1|(DELAYED) No predefined nexial-setup found
2020-10-15 17:36:17,446|I|Thread-1|(DELAYED) [20201015_173616] [C:\projects\MyNexial2Demo\artifact\script\MyNexial2Demo.xlsx] resolve RUN ID as 20201015_173616
2020-10-15 17:36:17,454|I|Thread-1|(DELAYED) [20201015_173616] [C:\projects\MyNexial2Demo\artifact\script\MyNexial2Demo.xlsx] new thread started
2020-10-15 17:36:17,454|I|Thread-1|No predefined nexial-setup found
2020-10-15 17:36:18,667|I|Thread-1|outputBase not set; output-to-cloud DISABLED!
2020-10-15 17:36:18,667|I|Thread-1|accessKey not set; output-to-cloud DISABLED!
2020-10-15 17:36:18,667|I|Thread-1|secretKey not set; output-to-cloud DISABLED!
2020-10-15 17:36:19,498|I|Thread-1|missing REQUIRED configuration; sms DISABLED!
2020-10-15 17:36:21,692|I|Thread-1|On-Demand Inspection detection enabled
2020-10-15 17:36:21,700|I|Thread-1|[20201015_173616] executing C:\projects\MyNexial2Demo\artifact\script\MyNexial2Demo.xlsx with 1 iteration(s)
2020-10-15 17:36:21,704|I|Thread-1|[20201015_173616] create directory C:\projects\MyNexial2Demo\output\20201015_173616\captures
2020-10-15 17:36:21,708|I|Thread-1|[20201015_173616] create directory C:\projects\MyNexial2Demo\output\20201015_173616\logs
2020-10-15 17:36:22,760|I|Thread-1|[20201015_173616] merging test data to tmp file C:\projects\MyNexial2Demo\output\20201015_173616\MyNexial2Demo.20201015_173621.001.xlsx
2020-10-15 17:36:22,760|I|Thread-1|refetch data from C:\projects\MyNexial2Demo\artifact\data\MyNexial2Demo.data.xlsx
2020-10-15 17:36:23,216|I|Thread-1|[20201015_173616] test script and test data merged to C:\projects\MyNexial2Demo\output\20201015_173616\MyNexial2Demo.20201015_173621.001.xlsx
2020-10-15 17:36:24,521|I|Thread-1|STARTS
2020-10-15 17:36:24,586|I|Thread-1|MyNexial2Demo.20201015_173621.001 - executing iteration #1 of 1; Iteration Id 1
2020-10-15 17:36:24,602|I|Thread-1|MyNexial2Demo.20201015_173621.001|Scenario - executing test scenario
2020-10-15 17:36:24,610|I|Thread-1|MyNexial2Demo.20201015_173621.001|Scenario|Activity 1 - executing activity
2020-10-15 17:36:25,224|I|Thread-1|MyNexial2Demo.20201015_173621.001|Scenario|Activity 1|#  5|base.verbose(text) - executing verbose(text)(Hello World! It's now $(sysdate|now|yyyy-MM-dd HH:mm:ss.S))
2020-10-15 17:36:25,352|I|Thread-1|MyNexial2Demo.20201015_173621.001|Scenario|Activity 1|#  5|base.verbose(text) - Hello World! It's now 2020-10-15 17:36:25.240
2020-10-15 17:36:25,635|I|Thread-1|MyNexial2Demo.20201015_173621.001|Scenario|Activity 1|#  5|base.verbose(text) - PASS 
2020-10-15 17:36:25,643|I|Thread-1|MyNexial2Demo.20201015_173621.001|Scenario|Activity 2 - executing activity
2020-10-15 17:36:26,243|I|Thread-1|MyNexial2Demo.20201015_173621.001|Scenario|Activity 2|#  6|web.open(url) - executing open(url)(https://opensource-demo.orangehrmlive.com/)
2020-10-15 17:36:26,320|I|Thread-1|No valid instance of webdriver, initializing...
2020-10-15 17:36:26,328|I|Thread-1|init firefox
2020-10-15 17:36:34,399|I|Thread-1|browser initialization completed for 'firefox'
2020-10-15 17:36:34,423|I|Thread-1|setting browser page load timeout to 15000 ms
2020-10-15 17:36:34,447|I|Thread-1|setting browser polling wait time to 800 ms
2020-10-15 17:36:46,624|I|Thread-1|current browser window handle:8
2020-10-15 17:36:46,728|I|Thread-1|MyNexial2Demo.20201015_173621.001|Scenario|Activity 2|#  6|web.open(url) - PASS opened URL https://opensource-demo.orangehrmlive.com/
2020-10-15 17:36:47,336|I|Thread-1|MyNexial2Demo.20201015_173621.001|Scenario|Activity 2|#  7|web.click(locator) - executing click(locator)(//input[@id='txtUsername'])
2020-10-15 17:36:47,369|I|Thread-1|clicking '//input[@id='txtUsername']'...
2020-10-15 17:36:47,394|I|Thread-1|click target via JS, @id=txtUsername
2020-10-15 17:36:47,434|I|Thread-1|clicked -> true
2020-10-15 17:36:47,434|I|Thread-1|MyNexial2Demo.20201015_173621.001|Scenario|Activity 2|#  7|web.click(locator) - PASS click via JS event
2020-10-15 17:36:48,043|I|Thread-1|MyNexial2Demo.20201015_173621.001|Scenario|Activity 2|#  8|web.type(locator,value) - executing type(locator,value)(//input[@id='txtUsername'], Admin)
2020-10-15 17:36:48,312|I|Thread-1|MyNexial2Demo.20201015_173621.001|Scenario|Activity 2|#  8|web.type(locator,value) - PASS typed text at '//input[@id='txtUsername']'
2020-10-15 17:36:48,924|I|Thread-1|MyNexial2Demo.20201015_173621.001|Scenario|Activity 2|#  9|web.click(locator) - executing click(locator)(//input[@id='txtPassword'])
2020-10-15 17:36:48,964|I|Thread-1|clicking '//input[@id='txtPassword']'...
2020-10-15 17:36:49,004|I|Thread-1|click target via JS, @id=txtPassword
2020-10-15 17:36:49,044|I|Thread-1|clicked -> true
2020-10-15 17:36:49,044|I|Thread-1|MyNexial2Demo.20201015_173621.001|Scenario|Activity 2|#  9|web.click(locator) - PASS click via JS event
2020-10-15 17:36:49,659|I|Thread-1|MyNexial2Demo.20201015_173621.001|Scenario|Activity 2|# 10|web.type(locator,value) - executing type(locator,value)(//input[@id='txtPassword'], admin123)
2020-10-15 17:36:49,931|I|Thread-1|MyNexial2Demo.20201015_173621.001|Scenario|Activity 2|# 10|web.type(locator,value) - PASS typed text at '//input[@id='txtPassword']'
2020-10-15 17:36:50,561|I|Thread-1|MyNexial2Demo.20201015_173621.001|Scenario|Activity 2|# 11|web.click(locator) - executing click(locator)(//input[@id='btnLogin'])
2020-10-15 17:36:50,589|I|Thread-1|clicking '//input[@id='btnLogin']'...
2020-10-15 17:36:50,605|I|Thread-1|click target via JS, @id=btnLogin
2020-10-15 17:36:50,661|I|Thread-1|clicked -> true
2020-10-15 17:36:50,661|I|Thread-1|MyNexial2Demo.20201015_173621.001|Scenario|Activity 2|# 11|web.click(locator) - PASS click via JS event
2020-10-15 17:36:50,685|I|Thread-1|MyNexial2Demo.20201015_173621.001|Scenario|Activity 3 - executing activity
2020-10-15 17:36:51,285|I|Thread-1|MyNexial2Demo.20201015_173621.001|Scenario|Activity 3|# 12|web.wait(waitMs) - executing wait(waitMs)(6000)
2020-10-15 17:36:57,288|I|Thread-1|MyNexial2Demo.20201015_173621.001|Scenario|Activity 3|# 12|web.wait(waitMs) - PASS waited 6000ms
2020-10-15 17:36:57,900|I|Thread-1|MyNexial2Demo.20201015_173621.001|Scenario|Activity 3|# 13|web.click(locator) - executing click(locator)(//a[@id='welcome'])
2020-10-15 17:36:57,937|I|Thread-1|clicking '//a[@id='welcome']'...
2020-10-15 17:36:57,969|I|Thread-1|click target via JS, @id=welcome
2020-10-15 17:36:58,017|I|Thread-1|clicked -> true
2020-10-15 17:36:58,017|I|Thread-1|MyNexial2Demo.20201015_173621.001|Scenario|Activity 3|# 13|web.click(locator) - PASS click via JS event
2020-10-15 17:36:58,628|I|Thread-1|MyNexial2Demo.20201015_173621.001|Scenario|Activity 3|# 14|web.click(locator) - executing click(locator)(//a[contains(text(),'Logout')]
)
2020-10-15 17:36:58,648|I|Thread-1|clicking '//a[contains(text(),'Logout')]
'...
2020-10-15 17:36:58,671|I|Thread-1|click target via JS, @id=
2020-10-15 17:36:58,711|I|Thread-1|clicked -> true
2020-10-15 17:36:58,823|I|Thread-1|MyNexial2Demo.20201015_173621.001|Scenario|Activity 3|# 14|web.click(locator) - PASS click via JS event
2020-10-15 17:36:59,047|I|Thread-1|[MyNexial2Demo.20201015_173621.001|Scenario] saving test scenario
2020-10-15 17:36:59,445|I|Thread-1|[20201015_173616] 
/-TEST COMPLETE-----------------------------------------------------------------
| Test Output:    C:\projects\MyNexial2Demo\output\20201015_173616\MyNexial2Demo.20201015_173621.001.xlsx
| Iteration:      1
\-------------------------------------------------------------------------------
» Execution Time: 34851 ms
» Test Steps:     10
» Error(s):       0



2020-10-15 17:37:02,435|I|Thread-1|[20201015_173616] 
/-TEST COMPLETE-----------------------------------------------------------------
| Test Script:    C:\projects\MyNexial2Demo\artifact\script\MyNexial2Demo.xlsx
\-------------------------------------------------------------------------------
» Execution Time: 45115 ms
» Iterations:     [1] total 1
» Test Steps:     10
» Passed:         10
» Error(s):       0
» Iteration 1 of 1: C:\projects\MyNexial2Demo\output\20201015_173616\MyNexial2Demo.20201015_173621.001.xlsx



2020-10-15 17:37:02,435|I|Thread-1|nexial mailer not enabled: nexial.enableEmail=false
2020-10-15 17:37:03,164|I|main|[20201015_173616] [C:\projects\MyNexial2Demo\artifact\script\MyNexial2Demo.xlsx] now completed
2020-10-15 17:37:03,164|I|main|[20201015_173616] all execution thread(s) have terminated
2020-10-15 17:37:03,172|I|main|[20201015_173616] test run completed in about 46 seconds
2020-10-15 17:37:03,416|I|main|No predefined nexial-setup found
2020-10-15 17:37:03,480|I|main|outputBase not set; output-to-cloud DISABLED!
2020-10-15 17:37:03,480|I|main|accessKey not set; output-to-cloud DISABLED!
2020-10-15 17:37:03,480|I|main|secretKey not set; output-to-cloud DISABLED!
2020-10-15 17:37:03,480|I|main|generating HTML output for this execution to C:\projects\MyNexial2Demo\output\20201015_173616\execution-output.html
2020-10-15 17:37:04,474|I|main|generating JUnit XML output for this execution to C:\projects\MyNexial2Demo\output\20201015_173616\junit.xml
2020-10-15 17:37:04,554|I|main|generated JUnit report for this execution: C:\projects\MyNexial2Demo\output\20201015_173616\junit.xml
2020-10-15 17:37:04,578|I|main|nexial mailer not enabled: nexial.enableEmail=false
2020-10-15 17:37:04,578|I|main|skipped email notification as configured
2020-10-15 17:37:04,578|I|main|exiting Nexial...
2020-10-15 17:37:04,578|I|main|shutdown starts...
2020-10-15 17:37:04,578|I|main|Shutting down 'firefox' webdriver...
2020-10-15 17:37:05,585|I|main|Quits this driver, closing every associated window.
2020-10-15 17:37:13,717|I|main|shutdown ends...
2020-10-15 17:37:13,741|I|main|

/-END OF EXECUTION--------------------------------------------------------------
| » Execution Time: 46 sec.
| » Test Steps....: 10
| » Passed........: 10
| » Failed........: 0
| » Success Rate..: 100.00%
\----------------------------------------------------------nexial-core 3.0_0816-

2020-10-15 17:37:13,749|I|main|ALL PASSED!
2020-10-15 17:37:13,757|I|main|End of Execution:
NEXIAL_OUTPUT:         C:\projects\MyNexial2Demo\output\20201015_173616
NEXIAL_EXECUTION_HTML: C:\projects\MyNexial2Demo\output\20201015_173616\execution-output.html
NEXIAL_JUNIT_XML:      C:\projects\MyNexial2Demo\output\20201015_173616\junit.xml
NEXIAL_SUCCESS_RATE:   100.00%
NEXIAL_EXIT_STATUS:    0
