2020-10-15 17:29:39,097|I|Thread-1|(DELAYED) nexial-core 3.0_0816 starting up...
2020-10-15 17:29:39,105|I|Thread-1|(DELAYED) cleaning up outdated temp files...
2020-10-15 17:29:39,105|I|Thread-1|(DELAYED) data file resolved as C:\Users\MAYUR~1.PAT\AppData\Local\Temp\vaIOR\MyNexial2Demo.data.xlsx
2020-10-15 17:29:39,105|I|Thread-1|(DELAYED) input files and output directory resolved...
2020-10-15 17:29:39,105|I|Thread-1|(DELAYED) No predefined nexial-setup found
2020-10-15 17:29:39,105|I|Thread-1|(DELAYED) [20201015_172938] [C:\projects\MyNexial2Demo\artifact\script\MyNexial2Demo.xlsx] resolve RUN ID as 20201015_172938
2020-10-15 17:29:39,105|I|Thread-1|(DELAYED) [20201015_172938] [C:\projects\MyNexial2Demo\artifact\script\MyNexial2Demo.xlsx] new thread started
2020-10-15 17:29:39,105|I|Thread-1|No predefined nexial-setup found
2020-10-15 17:29:40,032|I|Thread-1|outputBase not set; output-to-cloud DISABLED!
2020-10-15 17:29:40,040|I|Thread-1|accessKey not set; output-to-cloud DISABLED!
2020-10-15 17:29:40,040|I|Thread-1|secretKey not set; output-to-cloud DISABLED!
2020-10-15 17:29:40,831|I|Thread-1|missing REQUIRED configuration; sms DISABLED!
2020-10-15 17:29:43,448|I|Thread-1|On-Demand Inspection detection enabled
2020-10-15 17:29:43,456|I|Thread-1|[20201015_172938] executing C:\projects\MyNexial2Demo\artifact\script\MyNexial2Demo.xlsx with 1 iteration(s)
2020-10-15 17:29:43,464|I|Thread-1|[20201015_172938] create directory C:\projects\MyNexial2Demo\output\20201015_172938\captures
2020-10-15 17:29:43,464|I|Thread-1|[20201015_172938] create directory C:\projects\MyNexial2Demo\output\20201015_172938\logs
2020-10-15 17:29:44,654|I|Thread-1|[20201015_172938] merging test data to tmp file C:\projects\MyNexial2Demo\output\20201015_172938\MyNexial2Demo.20201015_172943.001.xlsx
2020-10-15 17:29:44,654|I|Thread-1|refetch data from C:\projects\MyNexial2Demo\artifact\data\MyNexial2Demo.data.xlsx
2020-10-15 17:29:45,150|I|Thread-1|[20201015_172938] test script and test data merged to C:\projects\MyNexial2Demo\output\20201015_172938\MyNexial2Demo.20201015_172943.001.xlsx
2020-10-15 17:29:46,463|I|Thread-1|STARTS
2020-10-15 17:29:46,543|I|Thread-1|MyNexial2Demo.20201015_172943.001 - executing iteration #1 of 1; Iteration Id 1
2020-10-15 17:29:46,626|I|Thread-1|MyNexial2Demo.20201015_172943.001|Scenario - executing test scenario
2020-10-15 17:29:46,722|I|Thread-1|MyNexial2Demo.20201015_172943.001|Scenario|Activity 1 - executing activity
2020-10-15 17:29:47,415|I|Thread-1|MyNexial2Demo.20201015_172943.001|Scenario|Activity 1|#  5|base.verbose(text) - executing verbose(text)(Hello World! It's now $(sysdate|now|yyyy-MM-dd HH:mm:ss.S))
2020-10-15 17:29:47,519|I|Thread-1|MyNexial2Demo.20201015_172943.001|Scenario|Activity 1|#  5|base.verbose(text) - Hello World! It's now 2020-10-15 17:29:47.423
2020-10-15 17:29:47,823|I|Thread-1|MyNexial2Demo.20201015_172943.001|Scenario|Activity 1|#  5|base.verbose(text) - PASS 
2020-10-15 17:29:47,823|I|Thread-1|MyNexial2Demo.20201015_172943.001|Scenario|Activity 2 - executing activity
2020-10-15 17:29:48,439|I|Thread-1|MyNexial2Demo.20201015_172943.001|Scenario|Activity 2|#  6|web.open(url) - executing open(url)(https://opensource-demo.orangehrmlive.com/)
2020-10-15 17:29:48,479|I|Thread-1|No valid instance of webdriver, initializing...
2020-10-15 17:29:48,487|I|Thread-1|init firefox
2020-10-15 17:29:59,042|I|Thread-1|browser initialization completed for 'firefox'
2020-10-15 17:29:59,073|I|Thread-1|setting browser page load timeout to 15000 ms
2020-10-15 17:29:59,093|I|Thread-1|setting browser polling wait time to 800 ms
2020-10-15 17:30:07,758|I|Thread-1|current browser window handle:8
2020-10-15 17:30:07,930|I|Thread-1|MyNexial2Demo.20201015_172943.001|Scenario|Activity 2|#  6|web.open(url) - PASS opened URL https://opensource-demo.orangehrmlive.com/
2020-10-15 17:30:08,542|I|Thread-1|MyNexial2Demo.20201015_172943.001|Scenario|Activity 2|#  7|web.click(locator) - executing click(locator)(//input[@id='txtUsername'])
2020-10-15 17:30:08,583|I|Thread-1|clicking '//input[@id='txtUsername']'...
2020-10-15 17:30:08,607|I|Thread-1|click target via JS, @id=txtUsername
2020-10-15 17:30:08,650|I|Thread-1|clicked -> true
2020-10-15 17:30:08,650|I|Thread-1|MyNexial2Demo.20201015_172943.001|Scenario|Activity 2|#  7|web.click(locator) - PASS click via JS event
2020-10-15 17:30:09,258|I|Thread-1|MyNexial2Demo.20201015_172943.001|Scenario|Activity 2|#  8|web.type(locator,value) - executing type(locator,value)(//input[@id='txtUsername'], Admin)
2020-10-15 17:30:09,450|I|Thread-1|MyNexial2Demo.20201015_172943.001|Scenario|Activity 2|#  8|web.type(locator,value) - PASS typed text at '//input[@id='txtUsername']'
2020-10-15 17:30:10,053|I|Thread-1|MyNexial2Demo.20201015_172943.001|Scenario|Activity 2|#  9|web.click(locator) - executing click(locator)(//input[@id='txtPassword'])
2020-10-15 17:30:10,069|I|Thread-1|clicking '//input[@id='txtPassword']'...
2020-10-15 17:30:10,116|I|Thread-1|click target via JS, @id=txtPassword
2020-10-15 17:30:10,153|I|Thread-1|clicked -> true
2020-10-15 17:30:10,169|I|Thread-1|MyNexial2Demo.20201015_172943.001|Scenario|Activity 2|#  9|web.click(locator) - PASS click via JS event
2020-10-15 17:30:10,776|I|Thread-1|MyNexial2Demo.20201015_172943.001|Scenario|Activity 2|# 10|web.type(locator,value) - executing type(locator,value)(//input[@id='txtPassword'], admin123)
2020-10-15 17:30:10,935|I|Thread-1|MyNexial2Demo.20201015_172943.001|Scenario|Activity 2|# 10|web.type(locator,value) - PASS typed text at '//input[@id='txtPassword']'
2020-10-15 17:30:11,545|I|Thread-1|MyNexial2Demo.20201015_172943.001|Scenario|Activity 2|# 11|web.click(locator) - executing click(locator)(//input[@id='btnLogin'])
2020-10-15 17:30:11,562|I|Thread-1|clicking '//input[@id='btnLogin']'...
2020-10-15 17:30:11,582|I|Thread-1|click target via JS, @id=btnLogin
2020-10-15 17:30:11,622|I|Thread-1|clicked -> true
2020-10-15 17:30:11,630|I|Thread-1|MyNexial2Demo.20201015_172943.001|Scenario|Activity 2|# 11|web.click(locator) - PASS click via JS event
2020-10-15 17:30:11,630|I|Thread-1|MyNexial2Demo.20201015_172943.001|Scenario|Activity 3 - executing activity
2020-10-15 17:30:12,238|I|Thread-1|MyNexial2Demo.20201015_172943.001|Scenario|Activity 3|# 12|web.wait(waitMs) - executing wait(waitMs)(6000)
2020-10-15 17:30:18,240|I|Thread-1|MyNexial2Demo.20201015_172943.001|Scenario|Activity 3|# 12|web.wait(waitMs) - PASS waited 6000ms
2020-10-15 17:30:18,848|I|Thread-1|MyNexial2Demo.20201015_172943.001|Scenario|Activity 3|# 13|web.click(locator) - executing click(locator)(//a[@id='welcome'])
2020-10-15 17:30:18,864|I|Thread-1|clicking '//a[@id='welcome']'...
2020-10-15 17:30:18,888|I|Thread-1|click target via JS, @id=welcome
2020-10-15 17:30:18,920|I|Thread-1|clicked -> true
2020-10-15 17:30:18,928|I|Thread-1|MyNexial2Demo.20201015_172943.001|Scenario|Activity 3|# 13|web.click(locator) - PASS click via JS event
2020-10-15 17:30:19,296|I|Thread-1|[MyNexial2Demo.20201015_172943.001|Scenario] saving test scenario
2020-10-15 17:30:19,904|I|Thread-1|[20201015_172938] 
/-TEST COMPLETE-----------------------------------------------------------------
| Test Output:    C:\projects\MyNexial2Demo\output\20201015_172938\MyNexial2Demo.20201015_172943.001.xlsx
| Iteration:      1
\-------------------------------------------------------------------------------
» Execution Time: 33278 ms
» Test Steps:     9
» Error(s):       0



2020-10-15 17:30:22,413|I|Thread-1|[20201015_172938] 
/-TEST COMPLETE-----------------------------------------------------------------
| Test Script:    C:\projects\MyNexial2Demo\artifact\script\MyNexial2Demo.xlsx
\-------------------------------------------------------------------------------
» Execution Time: 43693 ms
» Iterations:     [1] total 1
» Test Steps:     9
» Passed:         9
» Error(s):       0
» Iteration 1 of 1: C:\projects\MyNexial2Demo\output\20201015_172938\MyNexial2Demo.20201015_172943.001.xlsx



2020-10-15 17:30:22,413|I|Thread-1|nexial mailer not enabled: nexial.enableEmail=false
2020-10-15 17:30:23,222|I|main|[20201015_172938] [C:\projects\MyNexial2Demo\artifact\script\MyNexial2Demo.xlsx] now completed
2020-10-15 17:30:23,222|I|main|[20201015_172938] all execution thread(s) have terminated
2020-10-15 17:30:23,222|I|main|[20201015_172938] test run completed in about 44 seconds
2020-10-15 17:30:23,438|I|main|No predefined nexial-setup found
2020-10-15 17:30:23,494|I|main|outputBase not set; output-to-cloud DISABLED!
2020-10-15 17:30:23,494|I|main|accessKey not set; output-to-cloud DISABLED!
2020-10-15 17:30:23,494|I|main|secretKey not set; output-to-cloud DISABLED!
2020-10-15 17:30:23,494|I|main|generating HTML output for this execution to C:\projects\MyNexial2Demo\output\20201015_172938\execution-output.html
2020-10-15 17:30:24,721|I|main|generating JUnit XML output for this execution to C:\projects\MyNexial2Demo\output\20201015_172938\junit.xml
2020-10-15 17:30:24,790|I|main|generated JUnit report for this execution: C:\projects\MyNexial2Demo\output\20201015_172938\junit.xml
2020-10-15 17:30:24,828|I|main|nexial mailer not enabled: nexial.enableEmail=false
2020-10-15 17:30:24,828|I|main|skipped email notification as configured
2020-10-15 17:30:24,828|I|main|exiting Nexial...
2020-10-15 17:30:24,828|I|main|shutdown starts...
2020-10-15 17:30:24,828|I|main|Shutting down 'firefox' webdriver...
2020-10-15 17:30:25,843|I|main|Quits this driver, closing every associated window.
2020-10-15 17:30:34,414|I|main|shutdown ends...
2020-10-15 17:30:34,414|I|main|

/-END OF EXECUTION--------------------------------------------------------------
| » Execution Time: 44 sec.
| » Test Steps....: 9
| » Passed........: 9
| » Failed........: 0
| » Success Rate..: 100.00%
\----------------------------------------------------------nexial-core 3.0_0816-

2020-10-15 17:30:34,414|I|main|ALL PASSED!
2020-10-15 17:30:34,414|I|main|End of Execution:
NEXIAL_OUTPUT:         C:\projects\MyNexial2Demo\output\20201015_172938
NEXIAL_EXECUTION_HTML: C:\projects\MyNexial2Demo\output\20201015_172938\execution-output.html
NEXIAL_JUNIT_XML:      C:\projects\MyNexial2Demo\output\20201015_172938\junit.xml
NEXIAL_SUCCESS_RATE:   100.00%
NEXIAL_EXIT_STATUS:    0
