2020-06-24 16:30:13,992|I|Thread-1|(DELAYED) nexial-core 3.0_0816 starting up...
2020-06-24 16:30:14,000|I|Thread-1|(DELAYED) cleaning up outdated temp files...
2020-06-24 16:30:14,000|I|Thread-1|(DELAYED) data file resolved as C:\Users\MAYUR~1.PAT\AppData\Local\Temp\uHrNv\MyNexial2Demo.data.xlsx
2020-06-24 16:30:14,000|I|Thread-1|(DELAYED) input files and output directory resolved...
2020-06-24 16:30:14,000|I|Thread-1|(DELAYED) No predefined nexial-setup found
2020-06-24 16:30:14,000|I|Thread-1|(DELAYED) [20200624_163013] [C:\projects\MyNexial2Demo\artifact\script\MyNexial2Demo.xlsx] resolve RUN ID as 20200624_163013
2020-06-24 16:30:14,000|I|Thread-1|(DELAYED) [20200624_163013] [C:\projects\MyNexial2Demo\artifact\script\MyNexial2Demo.xlsx] new thread started
2020-06-24 16:30:14,000|I|Thread-1|No predefined nexial-setup found
2020-06-24 16:30:14,945|I|Thread-1|outputBase not set; output-to-cloud DISABLED!
2020-06-24 16:30:14,945|I|Thread-1|accessKey not set; output-to-cloud DISABLED!
2020-06-24 16:30:14,945|I|Thread-1|secretKey not set; output-to-cloud DISABLED!
2020-06-24 16:30:15,750|I|Thread-1|missing REQUIRED configuration; sms DISABLED!
2020-06-24 16:30:18,281|I|Thread-1|On-Demand Inspection detection enabled
2020-06-24 16:30:18,285|I|Thread-1|[20200624_163013] executing C:\projects\MyNexial2Demo\artifact\script\MyNexial2Demo.xlsx with 1 iteration(s)
2020-06-24 16:30:18,293|I|Thread-1|[20200624_163013] create directory C:\projects\MyNexial2Demo\output\20200624_163013\captures
2020-06-24 16:30:18,297|I|Thread-1|[20200624_163013] create directory C:\projects\MyNexial2Demo\output\20200624_163013\logs
2020-06-24 16:30:19,409|I|Thread-1|[20200624_163013] merging test data to tmp file C:\projects\MyNexial2Demo\output\20200624_163013\MyNexial2Demo.20200624_163018.001.xlsx
2020-06-24 16:30:19,413|I|Thread-1|refetch data from C:\projects\MyNexial2Demo\artifact\data\MyNexial2Demo.data.xlsx
2020-06-24 16:30:19,858|I|Thread-1|[20200624_163013] test script and test data merged to C:\projects\MyNexial2Demo\output\20200624_163013\MyNexial2Demo.20200624_163018.001.xlsx
2020-06-24 16:30:20,842|I|Thread-1|STARTS
2020-06-24 16:30:20,890|I|Thread-1|MyNexial2Demo.20200624_163018.001 - executing iteration #1 of 1; Iteration Id 1
2020-06-24 16:30:20,910|I|Thread-1|MyNexial2Demo.20200624_163018.001|Scenario - executing test scenario
2020-06-24 16:30:20,910|I|Thread-1|MyNexial2Demo.20200624_163018.001|Scenario|Activity 1 - executing activity
2020-06-24 16:30:21,524|I|Thread-1|MyNexial2Demo.20200624_163018.001|Scenario|Activity 1|#  5|base.verbose(text) - executing verbose(text)(Hello World! It's now $(sysdate|now|yyyy-MM-dd HH:mm:ss.S))
2020-06-24 16:30:21,760|I|Thread-1|MyNexial2Demo.20200624_163018.001|Scenario|Activity 1|#  5|base.verbose(text) - Hello World! It's now 2020-06-24 16:30:21.636
2020-06-24 16:30:22,064|I|Thread-1|MyNexial2Demo.20200624_163018.001|Scenario|Activity 1|#  5|base.verbose(text) - PASS 
2020-06-24 16:30:22,068|I|Thread-1|MyNexial2Demo.20200624_163018.001|Scenario|Activity 2 - executing activity
2020-06-24 16:30:22,672|I|Thread-1|MyNexial2Demo.20200624_163018.001|Scenario|Activity 2|#  6|web.open(url) - executing open(url)(https://opensource-demo.orangehrmlive.com/)
2020-06-24 16:30:22,752|I|Thread-1|No valid instance of webdriver, initializing...
2020-06-24 16:30:22,756|I|Thread-1|init firefox
2020-06-24 16:30:32,840|I|Thread-1|browser initialization completed for 'firefox'
2020-06-24 16:30:33,144|I|Thread-1|setting browser page load timeout to 15000 ms
2020-06-24 16:30:33,156|I|Thread-1|setting browser polling wait time to 800 ms
2020-06-24 16:30:38,191|I|Thread-1|current browser window handle:18
2020-06-24 16:30:38,375|I|Thread-1|MyNexial2Demo.20200624_163018.001|Scenario|Activity 2|#  6|web.open(url) - PASS opened URL https://opensource-demo.orangehrmlive.com/
2020-06-24 16:30:38,978|I|Thread-1|MyNexial2Demo.20200624_163018.001|Scenario|Activity 2|#  7|web.click(locator) - executing click(locator)(//input[@id='txtUsername'])
2020-06-24 16:30:39,026|I|Thread-1|clicking '//input[@id='txtUsername']'...
2020-06-24 16:30:39,078|I|Thread-1|click target via JS, @id=txtUsername
2020-06-24 16:30:39,130|I|Thread-1|clicked -> true
2020-06-24 16:30:39,134|I|Thread-1|MyNexial2Demo.20200624_163018.001|Scenario|Activity 2|#  7|web.click(locator) - PASS click via JS event
2020-06-24 16:30:39,739|I|Thread-1|MyNexial2Demo.20200624_163018.001|Scenario|Activity 2|#  8|web.type(locator,value) - executing type(locator,value)(//input[@id='txtUsername'], Admin)
2020-06-24 16:30:39,865|I|Thread-1|MyNexial2Demo.20200624_163018.001|Scenario|Activity 2|#  8|web.type(locator,value) - PASS typed text at '//input[@id='txtUsername']'
2020-06-24 16:30:40,472|I|Thread-1|MyNexial2Demo.20200624_163018.001|Scenario|Activity 2|#  9|web.click(locator) - executing click(locator)(//input[@id='txtPassword'])
2020-06-24 16:30:40,506|I|Thread-1|clicking '//input[@id='txtPassword']'...
2020-06-24 16:30:40,529|I|Thread-1|click target via JS, @id=txtPassword
2020-06-24 16:30:40,559|I|Thread-1|clicked -> true
2020-06-24 16:30:40,562|I|Thread-1|MyNexial2Demo.20200624_163018.001|Scenario|Activity 2|#  9|web.click(locator) - PASS click via JS event
2020-06-24 16:30:41,169|I|Thread-1|MyNexial2Demo.20200624_163018.001|Scenario|Activity 2|# 10|web.type(locator,value) - executing type(locator,value)(//input[@id='txtPassword'], admin123)
2020-06-24 16:30:41,403|I|Thread-1|MyNexial2Demo.20200624_163018.001|Scenario|Activity 2|# 10|web.type(locator,value) - PASS typed text at '//input[@id='txtPassword']'
2020-06-24 16:30:42,009|I|Thread-1|MyNexial2Demo.20200624_163018.001|Scenario|Activity 2|# 11|web.click(locator) - executing click(locator)(//input[@id='btnLogin'])
2020-06-24 16:30:42,053|I|Thread-1|clicking '//input[@id='btnLogin']'...
2020-06-24 16:30:42,073|I|Thread-1|click target via JS, @id=btnLogin
2020-06-24 16:30:42,105|I|Thread-1|clicked -> true
2020-06-24 16:30:42,109|I|Thread-1|MyNexial2Demo.20200624_163018.001|Scenario|Activity 2|# 11|web.click(locator) - PASS click via JS event
2020-06-24 16:30:42,715|I|Thread-1|MyNexial2Demo.20200624_163018.001|Scenario|Activity 2|# 12|web.assertText(locator,te - executing assertText(locator,text)(//a[@id='welcome'], Welcome Admin)
2020-06-24 16:30:43,546|E|Thread-1|MyNexial2Demo.20200624_163018.001|Scenario|Activity 2|# 12|web.assertText(locator,te - Unable to locate element: //a[@id='welcome']
2020-06-24 16:30:43,933|E|Thread-1|Check corresponding error log for details: C:\projects\MyNexial2Demo\output\20200624_163013\logs\MyNexial2Demo.20200624_163018.001.xlsx_Scenario_A12.log
2020-06-24 16:30:43,934|E|Thread-1|MyNexial2Demo.20200624_163018.001|Scenario|Activity 2|# 12|web.assertText(locator,te - FAIL 
expected=Welcome Admin
actual  =<null/undefined>
2020-06-24 16:30:43,937|E|Thread-1|MyNexial2Demo.20200624_163018.001|Scenario|Activity 2|# 12|web.assertText(locator,te - Error log: C:\projects\MyNexial2Demo\output\20200624_163013\logs\MyNexial2Demo.20200624_163018.001.xlsx_Scenario_A12.log
2020-06-24 16:30:44,287|I|Thread-1|[MyNexial2Demo.20200624_163018.001|Scenario] saving test scenario
2020-06-24 16:30:44,777|I|Thread-1|[20200624_163013] 
/-TEST COMPLETE-----------------------------------------------------------------
| Test Output:    C:\projects\MyNexial2Demo\output\20200624_163013\MyNexial2Demo.20200624_163018.001.xlsx
| Iteration:      1
\-------------------------------------------------------------------------------
» Execution Time: 23868 ms
» Test Steps:     8
» Error(s):       1



2020-06-24 16:30:48,343|I|Thread-1|[20200624_163013] 
/-TEST COMPLETE-----------------------------------------------------------------
| Test Script:    C:\projects\MyNexial2Demo\artifact\script\MyNexial2Demo.xlsx
\-------------------------------------------------------------------------------
» Execution Time: 34692 ms
» Iterations:     [1] total 1
» Test Steps:     8
» Passed:         7
» Error(s):       1
» Iteration 1 of 1: C:\projects\MyNexial2Demo\output\20200624_163013\MyNexial2Demo.20200624_163018.001.xlsx



2020-06-24 16:30:48,403|I|Thread-1|nexial mailer not enabled: nexial.enableEmail=false
2020-06-24 16:30:48,781|I|main|[20200624_163013] [C:\projects\MyNexial2Demo\artifact\script\MyNexial2Demo.xlsx] now completed
2020-06-24 16:30:48,781|I|main|[20200624_163013] all execution thread(s) have terminated
2020-06-24 16:30:48,785|I|main|[20200624_163013] test run completed in about 35 seconds
2020-06-24 16:30:49,041|I|main|No predefined nexial-setup found
2020-06-24 16:30:49,149|I|main|outputBase not set; output-to-cloud DISABLED!
2020-06-24 16:30:49,149|I|main|accessKey not set; output-to-cloud DISABLED!
2020-06-24 16:30:49,149|I|main|secretKey not set; output-to-cloud DISABLED!
2020-06-24 16:30:49,153|I|main|generating HTML output for this execution to C:\projects\MyNexial2Demo\output\20200624_163013\execution-output.html
2020-06-24 16:30:50,479|I|main|generating JUnit XML output for this execution to C:\projects\MyNexial2Demo\output\20200624_163013\junit.xml
2020-06-24 16:30:50,587|I|main|generated JUnit report for this execution: C:\projects\MyNexial2Demo\output\20200624_163013\junit.xml
2020-06-24 16:30:50,615|I|main|nexial mailer not enabled: nexial.enableEmail=false
2020-06-24 16:30:50,615|I|main|skipped email notification as configured
2020-06-24 16:30:50,615|I|main|exiting Nexial...
2020-06-24 16:30:50,619|I|main|shutdown starts...
2020-06-24 16:30:50,619|I|main|Shutting down 'firefox' webdriver...
2020-06-24 16:30:51,620|I|main|Quits this driver, closing every associated window.
2020-06-24 16:31:04,613|I|main|shutdown ends...
2020-06-24 16:31:04,617|I|main|

/-END OF EXECUTION--------------------------------------------------------------
| » Execution Time: 35 sec.
| » Test Steps....: 8
| » Passed........: 7
| » Failed........: 1
| » Success Rate..: 87.50%
\----------------------------------------------------------nexial-core 3.0_0816-

2020-06-24 16:31:04,621|E|main|failure found; success rate is 87.50%
2020-06-24 16:31:04,633|I|main|End of Execution:
NEXIAL_OUTPUT:         C:\projects\MyNexial2Demo\output\20200624_163013
NEXIAL_EXECUTION_HTML: C:\projects\MyNexial2Demo\output\20200624_163013\execution-output.html
NEXIAL_JUNIT_XML:      C:\projects\MyNexial2Demo\output\20200624_163013\junit.xml
NEXIAL_SUCCESS_RATE:   87.50%
NEXIAL_EXIT_STATUS:    -13
