2020-06-24 16:35:27,178|I|Thread-1|(DELAYED) nexial-core 3.0_0816 starting up...
2020-06-24 16:35:27,186|I|Thread-1|(DELAYED) cleaning up outdated temp files...
2020-06-24 16:35:27,186|I|Thread-1|(DELAYED) data file resolved as C:\Users\MAYUR~1.PAT\AppData\Local\Temp\KQhFi\MyNexial2Demo.data.xlsx
2020-06-24 16:35:27,186|I|Thread-1|(DELAYED) input files and output directory resolved...
2020-06-24 16:35:27,186|I|Thread-1|(DELAYED) No predefined nexial-setup found
2020-06-24 16:35:27,186|I|Thread-1|(DELAYED) [20200624_163526] [C:\projects\MyNexial2Demo\artifact\script\MyNexial2Demo.xlsx] resolve RUN ID as 20200624_163526
2020-06-24 16:35:27,186|I|Thread-1|(DELAYED) [20200624_163526] [C:\projects\MyNexial2Demo\artifact\script\MyNexial2Demo.xlsx] new thread started
2020-06-24 16:35:27,186|I|Thread-1|No predefined nexial-setup found
2020-06-24 16:35:28,091|I|Thread-1|outputBase not set; output-to-cloud DISABLED!
2020-06-24 16:35:28,091|I|Thread-1|accessKey not set; output-to-cloud DISABLED!
2020-06-24 16:35:28,091|I|Thread-1|secretKey not set; output-to-cloud DISABLED!
2020-06-24 16:35:28,811|I|Thread-1|missing REQUIRED configuration; sms DISABLED!
2020-06-24 16:35:31,271|I|Thread-1|On-Demand Inspection detection enabled
2020-06-24 16:35:31,275|I|Thread-1|[20200624_163526] executing C:\projects\MyNexial2Demo\artifact\script\MyNexial2Demo.xlsx with 1 iteration(s)
2020-06-24 16:35:31,283|I|Thread-1|[20200624_163526] create directory C:\projects\MyNexial2Demo\output\20200624_163526\captures
2020-06-24 16:35:31,287|I|Thread-1|[20200624_163526] create directory C:\projects\MyNexial2Demo\output\20200624_163526\logs
2020-06-24 16:35:32,366|I|Thread-1|[20200624_163526] merging test data to tmp file C:\projects\MyNexial2Demo\output\20200624_163526\MyNexial2Demo.20200624_163531.001.xlsx
2020-06-24 16:35:32,366|I|Thread-1|refetch data from C:\projects\MyNexial2Demo\artifact\data\MyNexial2Demo.data.xlsx
2020-06-24 16:35:32,806|I|Thread-1|[20200624_163526] test script and test data merged to C:\projects\MyNexial2Demo\output\20200624_163526\MyNexial2Demo.20200624_163531.001.xlsx
2020-06-24 16:35:33,822|I|Thread-1|STARTS
2020-06-24 16:35:33,862|I|Thread-1|MyNexial2Demo.20200624_163531.001 - executing iteration #1 of 1; Iteration Id 1
2020-06-24 16:35:33,874|I|Thread-1|MyNexial2Demo.20200624_163531.001|Scenario - executing test scenario
2020-06-24 16:35:33,878|I|Thread-1|MyNexial2Demo.20200624_163531.001|Scenario|Activity 1 - executing activity
2020-06-24 16:35:34,484|I|Thread-1|MyNexial2Demo.20200624_163531.001|Scenario|Activity 1|#  5|base.verbose(text) - executing verbose(text)(Hello World! It's now $(sysdate|now|yyyy-MM-dd HH:mm:ss.S))
2020-06-24 16:35:34,646|I|Thread-1|MyNexial2Demo.20200624_163531.001|Scenario|Activity 1|#  5|base.verbose(text) - Hello World! It's now 2020-06-24 16:35:34.510
2020-06-24 16:35:34,938|I|Thread-1|MyNexial2Demo.20200624_163531.001|Scenario|Activity 1|#  5|base.verbose(text) - PASS 
2020-06-24 16:35:34,942|I|Thread-1|MyNexial2Demo.20200624_163531.001|Scenario|Activity 2 - executing activity
2020-06-24 16:35:35,543|I|Thread-1|MyNexial2Demo.20200624_163531.001|Scenario|Activity 2|#  6|web.open(url) - executing open(url)(https://opensource-demo.orangehrmlive.com/)
2020-06-24 16:35:35,618|I|Thread-1|No valid instance of webdriver, initializing...
2020-06-24 16:35:35,623|I|Thread-1|init firefox
2020-06-24 16:35:44,889|I|Thread-1|browser initialization completed for 'firefox'
2020-06-24 16:35:44,909|I|Thread-1|setting browser page load timeout to 15000 ms
2020-06-24 16:35:44,921|I|Thread-1|setting browser polling wait time to 800 ms
2020-06-24 16:35:49,738|I|Thread-1|current browser window handle:18
2020-06-24 16:35:49,875|I|Thread-1|MyNexial2Demo.20200624_163531.001|Scenario|Activity 2|#  6|web.open(url) - PASS opened URL https://opensource-demo.orangehrmlive.com/
2020-06-24 16:35:50,479|I|Thread-1|MyNexial2Demo.20200624_163531.001|Scenario|Activity 2|#  7|web.click(locator) - executing click(locator)(//input[@id='txtUsername'])
2020-06-24 16:35:50,548|I|Thread-1|clicking '//input[@id='txtUsername']'...
2020-06-24 16:35:50,582|I|Thread-1|click target via JS, @id=txtUsername
2020-06-24 16:35:50,613|I|Thread-1|clicked -> true
2020-06-24 16:35:50,614|I|Thread-1|MyNexial2Demo.20200624_163531.001|Scenario|Activity 2|#  7|web.click(locator) - PASS click via JS event
2020-06-24 16:35:51,217|I|Thread-1|MyNexial2Demo.20200624_163531.001|Scenario|Activity 2|#  8|web.type(locator,value) - executing type(locator,value)(//input[@id='txtUsername'], Admin)
2020-06-24 16:35:51,412|I|Thread-1|MyNexial2Demo.20200624_163531.001|Scenario|Activity 2|#  8|web.type(locator,value) - PASS typed text at '//input[@id='txtUsername']'
2020-06-24 16:35:52,027|I|Thread-1|MyNexial2Demo.20200624_163531.001|Scenario|Activity 2|#  9|web.click(locator) - executing click(locator)(//input[@id='txtPassword'])
2020-06-24 16:35:52,079|I|Thread-1|clicking '//input[@id='txtPassword']'...
2020-06-24 16:35:52,114|I|Thread-1|click target via JS, @id=txtPassword
2020-06-24 16:35:52,140|I|Thread-1|clicked -> true
2020-06-24 16:35:52,142|I|Thread-1|MyNexial2Demo.20200624_163531.001|Scenario|Activity 2|#  9|web.click(locator) - PASS click via JS event
2020-06-24 16:35:52,747|I|Thread-1|MyNexial2Demo.20200624_163531.001|Scenario|Activity 2|# 10|web.type(locator,value) - executing type(locator,value)(//input[@id='txtPassword'], admin123)
2020-06-24 16:35:52,871|I|Thread-1|MyNexial2Demo.20200624_163531.001|Scenario|Activity 2|# 10|web.type(locator,value) - PASS typed text at '//input[@id='txtPassword']'
2020-06-24 16:35:53,481|I|Thread-1|MyNexial2Demo.20200624_163531.001|Scenario|Activity 2|# 11|web.click(locator) - executing click(locator)(//input[@id='btnLogin'])
2020-06-24 16:35:53,501|I|Thread-1|clicking '//input[@id='btnLogin']'...
2020-06-24 16:35:53,521|I|Thread-1|click target via JS, @id=btnLogin
2020-06-24 16:35:53,557|I|Thread-1|clicked -> true
2020-06-24 16:35:53,557|I|Thread-1|MyNexial2Demo.20200624_163531.001|Scenario|Activity 2|# 11|web.click(locator) - PASS click via JS event
2020-06-24 16:35:54,161|I|Thread-1|MyNexial2Demo.20200624_163531.001|Scenario|Activity 2|# 12|web.waitForElementPresent - executing waitForElementPresent(locator)(//a[@id='welcome'])
2020-06-24 16:35:55,051|I|Thread-1|MyNexial2Demo.20200624_163531.001|Scenario|Activity 2|# 12|web.waitForElementPresent - Condition not be met on the current browser within specified wait time of 800 ms
2020-06-24 16:35:55,060|E|Thread-1|MyNexial2Demo.20200624_163531.001|Scenario|Activity 2|# 12|web.waitForElementPresent - FAIL null
2020-06-24 16:35:55,667|I|Thread-1|MyNexial2Demo.20200624_163531.001|Scenario|Activity 2|# 13|web.assertText(locator,te - executing assertText(locator,text)(//a[@id='welcome'], Welcome Admin)
2020-06-24 16:35:56,533|E|Thread-1|MyNexial2Demo.20200624_163531.001|Scenario|Activity 2|# 13|web.assertText(locator,te - Unable to locate element: //a[@id='welcome']
2020-06-24 16:35:56,785|E|Thread-1|Check corresponding error log for details: C:\projects\MyNexial2Demo\output\20200624_163526\logs\MyNexial2Demo.20200624_163531.001.xlsx_Scenario_A13.log
2020-06-24 16:35:56,786|E|Thread-1|MyNexial2Demo.20200624_163531.001|Scenario|Activity 2|# 13|web.assertText(locator,te - FAIL 
expected=Welcome Admin
actual  =<null/undefined>
2020-06-24 16:35:56,796|E|Thread-1|MyNexial2Demo.20200624_163531.001|Scenario|Activity 2|# 13|web.assertText(locator,te - Error log: C:\projects\MyNexial2Demo\output\20200624_163526\logs\MyNexial2Demo.20200624_163531.001.xlsx_Scenario_A13.log
2020-06-24 16:35:57,061|I|Thread-1|[MyNexial2Demo.20200624_163531.001|Scenario] saving test scenario
2020-06-24 16:35:57,470|I|Thread-1|[20200624_163526] 
/-TEST COMPLETE-----------------------------------------------------------------
| Test Output:    C:\projects\MyNexial2Demo\output\20200624_163526\MyNexial2Demo.20200624_163531.001.xlsx
| Iteration:      1
\-------------------------------------------------------------------------------
» Execution Time: 23565 ms
» Test Steps:     9
» Error(s):       2



2020-06-24 16:36:00,286|I|Thread-1|[20200624_163526] 
/-TEST COMPLETE-----------------------------------------------------------------
| Test Script:    C:\projects\MyNexial2Demo\artifact\script\MyNexial2Demo.xlsx
\-------------------------------------------------------------------------------
» Execution Time: 33435 ms
» Iterations:     [1] total 1
» Test Steps:     9
» Passed:         7
» Error(s):       2
» Iteration 1 of 1: C:\projects\MyNexial2Demo\output\20200624_163526\MyNexial2Demo.20200624_163531.001.xlsx



2020-06-24 16:36:00,286|I|Thread-1|nexial mailer not enabled: nexial.enableEmail=false
2020-06-24 16:36:00,930|I|main|[20200624_163526] [C:\projects\MyNexial2Demo\artifact\script\MyNexial2Demo.xlsx] now completed
2020-06-24 16:36:00,934|I|main|[20200624_163526] all execution thread(s) have terminated
2020-06-24 16:36:00,938|I|main|[20200624_163526] test run completed in about 34 seconds
2020-06-24 16:36:01,110|I|main|No predefined nexial-setup found
2020-06-24 16:36:01,194|I|main|outputBase not set; output-to-cloud DISABLED!
2020-06-24 16:36:01,198|I|main|accessKey not set; output-to-cloud DISABLED!
2020-06-24 16:36:01,198|I|main|secretKey not set; output-to-cloud DISABLED!
2020-06-24 16:36:01,202|I|main|generating HTML output for this execution to C:\projects\MyNexial2Demo\output\20200624_163526\execution-output.html
2020-06-24 16:36:02,175|I|main|generating JUnit XML output for this execution to C:\projects\MyNexial2Demo\output\20200624_163526\junit.xml
2020-06-24 16:36:02,263|I|main|generated JUnit report for this execution: C:\projects\MyNexial2Demo\output\20200624_163526\junit.xml
2020-06-24 16:36:02,287|I|main|nexial mailer not enabled: nexial.enableEmail=false
2020-06-24 16:36:02,287|I|main|skipped email notification as configured
2020-06-24 16:36:02,287|I|main|exiting Nexial...
2020-06-24 16:36:02,291|I|main|shutdown starts...
2020-06-24 16:36:02,291|I|main|Shutting down 'firefox' webdriver...
2020-06-24 16:36:03,292|I|main|Quits this driver, closing every associated window.
2020-06-24 16:36:14,247|I|main|shutdown ends...
2020-06-24 16:36:14,255|I|main|

/-END OF EXECUTION--------------------------------------------------------------
| » Execution Time: 34 sec.
| » Test Steps....: 9
| » Passed........: 7
| » Failed........: 2
| » Success Rate..: 77.78%
\----------------------------------------------------------nexial-core 3.0_0816-

2020-06-24 16:36:14,255|E|main|failure found; success rate is 77.78%
2020-06-24 16:36:14,271|I|main|End of Execution:
NEXIAL_OUTPUT:         C:\projects\MyNexial2Demo\output\20200624_163526
NEXIAL_EXECUTION_HTML: C:\projects\MyNexial2Demo\output\20200624_163526\execution-output.html
NEXIAL_JUNIT_XML:      C:\projects\MyNexial2Demo\output\20200624_163526\junit.xml
NEXIAL_SUCCESS_RATE:   77.78%
NEXIAL_EXIT_STATUS:    -13
