2020-10-15 17:24:45,888|I|Thread-1|(DELAYED) nexial-core 3.0_0816 starting up...
2020-10-15 17:24:45,896|I|Thread-1|(DELAYED) cleaning up outdated temp files...
2020-10-15 17:24:45,896|I|Thread-1|(DELAYED) data file resolved as C:\Users\MAYUR~1.PAT\AppData\Local\Temp\xRriL\MyNexial2Demo.data.xlsx
2020-10-15 17:24:45,896|I|Thread-1|(DELAYED) input files and output directory resolved...
2020-10-15 17:24:45,896|I|Thread-1|(DELAYED) No predefined nexial-setup found
2020-10-15 17:24:45,896|I|Thread-1|(DELAYED) [20201015_172445] [C:\projects\MyNexial2Demo\artifact\script\MyNexial2Demo.xlsx] resolve RUN ID as 20201015_172445
2020-10-15 17:24:45,896|I|Thread-1|(DELAYED) [20201015_172445] [C:\projects\MyNexial2Demo\artifact\script\MyNexial2Demo.xlsx] new thread started
2020-10-15 17:24:45,896|I|Thread-1|No predefined nexial-setup found
2020-10-15 17:24:46,845|I|Thread-1|outputBase not set; output-to-cloud DISABLED!
2020-10-15 17:24:46,845|I|Thread-1|accessKey not set; output-to-cloud DISABLED!
2020-10-15 17:24:46,853|I|Thread-1|secretKey not set; output-to-cloud DISABLED!
2020-10-15 17:24:47,587|I|Thread-1|missing REQUIRED configuration; sms DISABLED!
2020-10-15 17:24:49,972|I|Thread-1|On-Demand Inspection detection enabled
2020-10-15 17:24:49,980|I|Thread-1|[20201015_172445] executing C:\projects\MyNexial2Demo\artifact\script\MyNexial2Demo.xlsx with 1 iteration(s)
2020-10-15 17:24:49,980|I|Thread-1|[20201015_172445] create directory C:\projects\MyNexial2Demo\output\20201015_172445\captures
2020-10-15 17:24:49,980|I|Thread-1|[20201015_172445] create directory C:\projects\MyNexial2Demo\output\20201015_172445\logs
2020-10-15 17:24:51,037|I|Thread-1|[20201015_172445] merging test data to tmp file C:\projects\MyNexial2Demo\output\20201015_172445\MyNexial2Demo.20201015_172449.001.xlsx
2020-10-15 17:24:51,037|I|Thread-1|refetch data from C:\projects\MyNexial2Demo\artifact\data\MyNexial2Demo.data.xlsx
2020-10-15 17:24:51,457|I|Thread-1|[20201015_172445] test script and test data merged to C:\projects\MyNexial2Demo\output\20201015_172445\MyNexial2Demo.20201015_172449.001.xlsx
2020-10-15 17:24:52,446|I|Thread-1|STARTS
2020-10-15 17:24:52,486|I|Thread-1|MyNexial2Demo.20201015_172449.001 - executing iteration #1 of 1; Iteration Id 1
2020-10-15 17:24:52,502|I|Thread-1|MyNexial2Demo.20201015_172449.001|Scenario - executing test scenario
2020-10-15 17:24:52,502|I|Thread-1|MyNexial2Demo.20201015_172449.001|Scenario|Activity 1 - executing activity
2020-10-15 17:24:53,115|I|Thread-1|MyNexial2Demo.20201015_172449.001|Scenario|Activity 1|#  5|base.verbose(text) - executing verbose(text)(Hello World! It's now $(sysdate|now|yyyy-MM-dd HH:mm:ss.S))
2020-10-15 17:24:53,307|I|Thread-1|MyNexial2Demo.20201015_172449.001|Scenario|Activity 1|#  5|base.verbose(text) - Hello World! It's now 2020-10-15 17:24:53.139
2020-10-15 17:24:53,564|I|Thread-1|MyNexial2Demo.20201015_172449.001|Scenario|Activity 1|#  5|base.verbose(text) - PASS 
2020-10-15 17:24:53,564|I|Thread-1|MyNexial2Demo.20201015_172449.001|Scenario|Activity 2 - executing activity
2020-10-15 17:24:54,178|I|Thread-1|MyNexial2Demo.20201015_172449.001|Scenario|Activity 2|#  6|web.open(url) - executing open(url)(https://opensource-demo.orangehrmlive.com/)
2020-10-15 17:24:54,258|I|Thread-1|No valid instance of webdriver, initializing...
2020-10-15 17:24:54,258|I|Thread-1|init firefox
2020-10-15 17:25:02,564|I|Thread-1|browser initialization completed for 'firefox'
2020-10-15 17:25:02,588|I|Thread-1|setting browser page load timeout to 15000 ms
2020-10-15 17:25:02,604|I|Thread-1|setting browser polling wait time to 800 ms
2020-10-15 17:25:12,432|I|Thread-1|current browser window handle:8
2020-10-15 17:25:12,587|I|Thread-1|MyNexial2Demo.20201015_172449.001|Scenario|Activity 2|#  6|web.open(url) - PASS opened URL https://opensource-demo.orangehrmlive.com/
2020-10-15 17:25:13,195|I|Thread-1|MyNexial2Demo.20201015_172449.001|Scenario|Activity 2|#  7|web.click(locator) - executing click(locator)(//input[@id='txtUsername'])
2020-10-15 17:25:13,259|I|Thread-1|clicking '//input[@id='txtUsername']'...
2020-10-15 17:25:13,323|I|Thread-1|click target via JS, @id=txtUsername
2020-10-15 17:25:13,371|I|Thread-1|clicked -> true
2020-10-15 17:25:13,371|I|Thread-1|MyNexial2Demo.20201015_172449.001|Scenario|Activity 2|#  7|web.click(locator) - PASS click via JS event
2020-10-15 17:25:13,982|I|Thread-1|MyNexial2Demo.20201015_172449.001|Scenario|Activity 2|#  8|web.type(locator,value) - executing type(locator,value)(//input[@id='txtUsername'], Admin)
2020-10-15 17:25:14,182|I|Thread-1|MyNexial2Demo.20201015_172449.001|Scenario|Activity 2|#  8|web.type(locator,value) - PASS typed text at '//input[@id='txtUsername']'
2020-10-15 17:25:14,801|I|Thread-1|MyNexial2Demo.20201015_172449.001|Scenario|Activity 2|#  9|web.click(locator) - executing click(locator)(//input[@id='txtPassword'])
2020-10-15 17:25:14,848|I|Thread-1|clicking '//input[@id='txtPassword']'...
2020-10-15 17:25:14,888|I|Thread-1|click target via JS, @id=txtPassword
2020-10-15 17:25:14,936|I|Thread-1|clicked -> true
2020-10-15 17:25:14,944|I|Thread-1|MyNexial2Demo.20201015_172449.001|Scenario|Activity 2|#  9|web.click(locator) - PASS click via JS event
2020-10-15 17:25:15,548|I|Thread-1|MyNexial2Demo.20201015_172449.001|Scenario|Activity 2|# 10|web.type(locator,value) - executing type(locator,value)(//input[@id='txtPassword'], admin123)
2020-10-15 17:25:15,714|I|Thread-1|MyNexial2Demo.20201015_172449.001|Scenario|Activity 2|# 10|web.type(locator,value) - PASS typed text at '//input[@id='txtPassword']'
2020-10-15 17:25:16,326|I|Thread-1|MyNexial2Demo.20201015_172449.001|Scenario|Activity 2|# 11|web.click(locator) - executing click(locator)(//input[@id='btnLogin'])
2020-10-15 17:25:16,342|I|Thread-1|clicking '//input[@id='btnLogin']'...
2020-10-15 17:25:16,363|I|Thread-1|click target via JS, @id=btnLogin
2020-10-15 17:25:16,403|I|Thread-1|clicked -> true
2020-10-15 17:25:16,403|I|Thread-1|MyNexial2Demo.20201015_172449.001|Scenario|Activity 2|# 11|web.click(locator) - PASS click via JS event
2020-10-15 17:25:16,403|I|Thread-1|MyNexial2Demo.20201015_172449.001|Scenario|Activity 3 - executing activity
2020-10-15 17:25:17,011|I|Thread-1|MyNexial2Demo.20201015_172449.001|Scenario|Activity 3|# 12|web.click(locator) - executing click(locator)(//a[@id='welcome'])
2020-10-15 17:25:17,882|E|Thread-1|MyNexial2Demo.20201015_172449.001|Scenario|Activity 3|# 12|web.click(locator) - FAIL No element via locator '//a[@id='welcome']'
2020-10-15 17:25:18,400|I|Thread-1|[MyNexial2Demo.20201015_172449.001|Scenario] saving test scenario
2020-10-15 17:25:18,904|I|Thread-1|[20201015_172445] 
/-TEST COMPLETE-----------------------------------------------------------------
| Test Output:    C:\projects\MyNexial2Demo\output\20201015_172445\MyNexial2Demo.20201015_172449.001.xlsx
| Iteration:      1
\-------------------------------------------------------------------------------
» Execution Time: 26395 ms
» Test Steps:     8
» Error(s):       1



2020-10-15 17:25:21,597|I|Thread-1|[20201015_172445] 
/-TEST COMPLETE-----------------------------------------------------------------
| Test Script:    C:\projects\MyNexial2Demo\artifact\script\MyNexial2Demo.xlsx
\-------------------------------------------------------------------------------
» Execution Time: 36017 ms
» Iterations:     [1] total 1
» Test Steps:     8
» Passed:         7
» Error(s):       1
» Iteration 1 of 1: C:\projects\MyNexial2Demo\output\20201015_172445\MyNexial2Demo.20201015_172449.001.xlsx



2020-10-15 17:25:21,599|I|Thread-1|nexial mailer not enabled: nexial.enableEmail=false
2020-10-15 17:25:21,653|I|main|[20201015_172445] [C:\projects\MyNexial2Demo\artifact\script\MyNexial2Demo.xlsx] now completed
2020-10-15 17:25:21,655|I|main|[20201015_172445] all execution thread(s) have terminated
2020-10-15 17:25:21,656|I|main|[20201015_172445] test run completed in about 36 seconds
2020-10-15 17:25:21,880|I|main|No predefined nexial-setup found
2020-10-15 17:25:21,994|I|main|outputBase not set; output-to-cloud DISABLED!
2020-10-15 17:25:21,995|I|main|accessKey not set; output-to-cloud DISABLED!
2020-10-15 17:25:21,996|I|main|secretKey not set; output-to-cloud DISABLED!
2020-10-15 17:25:21,999|I|main|generating HTML output for this execution to C:\projects\MyNexial2Demo\output\20201015_172445\execution-output.html
2020-10-15 17:25:23,382|I|main|generating JUnit XML output for this execution to C:\projects\MyNexial2Demo\output\20201015_172445\junit.xml
2020-10-15 17:25:23,472|I|main|generated JUnit report for this execution: C:\projects\MyNexial2Demo\output\20201015_172445\junit.xml
2020-10-15 17:25:23,500|I|main|nexial mailer not enabled: nexial.enableEmail=false
2020-10-15 17:25:23,502|I|main|skipped email notification as configured
2020-10-15 17:25:23,503|I|main|exiting Nexial...
2020-10-15 17:25:23,505|I|main|shutdown starts...
2020-10-15 17:25:23,507|I|main|Shutting down 'firefox' webdriver...
2020-10-15 17:25:24,516|I|main|Quits this driver, closing every associated window.
2020-10-15 17:25:31,786|I|main|shutdown ends...
2020-10-15 17:25:31,794|I|main|

/-END OF EXECUTION--------------------------------------------------------------
| » Execution Time: 36 sec.
| » Test Steps....: 8
| » Passed........: 7
| » Failed........: 1
| » Success Rate..: 87.50%
\----------------------------------------------------------nexial-core 3.0_0816-

2020-10-15 17:25:31,794|E|main|failure found; success rate is 87.50%
2020-10-15 17:25:31,802|I|main|End of Execution:
NEXIAL_OUTPUT:         C:\projects\MyNexial2Demo\output\20201015_172445
NEXIAL_EXECUTION_HTML: C:\projects\MyNexial2Demo\output\20201015_172445\execution-output.html
NEXIAL_JUNIT_XML:      C:\projects\MyNexial2Demo\output\20201015_172445\junit.xml
NEXIAL_SUCCESS_RATE:   87.50%
NEXIAL_EXIT_STATUS:    -13
