2020-10-15 17:44:34,295|I|Thread-1|(DELAYED) nexial-core 3.0_0816 starting up...
2020-10-15 17:44:34,306|I|Thread-1|(DELAYED) cleaning up outdated temp files...
2020-10-15 17:44:34,306|I|Thread-1|(DELAYED) data file resolved as C:\Users\MAYUR~1.PAT\AppData\Local\Temp\FKkjy\MyNexial2Demo.data.xlsx
2020-10-15 17:44:34,306|I|Thread-1|(DELAYED) input files and output directory resolved...
2020-10-15 17:44:34,306|I|Thread-1|(DELAYED) No predefined nexial-setup found
2020-10-15 17:44:34,306|I|Thread-1|(DELAYED) [20201015_174433] [C:\projects\MyNexial2Demo\artifact\script\MyNexial2Demo.xlsx] resolve RUN ID as 20201015_174433
2020-10-15 17:44:34,306|I|Thread-1|(DELAYED) [20201015_174433] [C:\projects\MyNexial2Demo\artifact\script\MyNexial2Demo.xlsx] new thread started
2020-10-15 17:44:34,306|I|Thread-1|No predefined nexial-setup found
2020-10-15 17:44:35,171|I|Thread-1|outputBase not set; output-to-cloud DISABLED!
2020-10-15 17:44:35,179|I|Thread-1|accessKey not set; output-to-cloud DISABLED!
2020-10-15 17:44:35,179|I|Thread-1|secretKey not set; output-to-cloud DISABLED!
2020-10-15 17:44:35,909|I|Thread-1|missing REQUIRED configuration; sms DISABLED!
2020-10-15 17:44:38,183|I|Thread-1|On-Demand Inspection detection enabled
2020-10-15 17:44:38,191|I|Thread-1|[20201015_174433] executing C:\projects\MyNexial2Demo\artifact\script\MyNexial2Demo.xlsx with 1 iteration(s)
2020-10-15 17:44:38,191|I|Thread-1|[20201015_174433] create directory C:\projects\MyNexial2Demo\output\20201015_174433\captures
2020-10-15 17:44:38,199|I|Thread-1|[20201015_174433] create directory C:\projects\MyNexial2Demo\output\20201015_174433\logs
2020-10-15 17:44:39,334|I|Thread-1|[20201015_174433] merging test data to tmp file C:\projects\MyNexial2Demo\output\20201015_174433\MyNexial2Demo.20201015_174438.001.xlsx
2020-10-15 17:44:39,493|I|Thread-1|refetch data from C:\projects\MyNexial2Demo\artifact\data\MyNexial2Demo.data.xlsx
2020-10-15 17:44:39,897|I|Thread-1|[20201015_174433] test script and test data merged to C:\projects\MyNexial2Demo\output\20201015_174433\MyNexial2Demo.20201015_174438.001.xlsx
2020-10-15 17:44:41,019|I|Thread-1|STARTS
2020-10-15 17:44:41,067|I|Thread-1|MyNexial2Demo.20201015_174438.001 - executing iteration #1 of 1; Iteration Id 1
2020-10-15 17:44:41,083|I|Thread-1|MyNexial2Demo.20201015_174438.001|Scenario - executing test scenario
2020-10-15 17:44:41,089|I|Thread-1|MyNexial2Demo.20201015_174438.001|Scenario|Activity 1 - executing activity
2020-10-15 17:44:41,701|I|Thread-1|MyNexial2Demo.20201015_174438.001|Scenario|Activity 1|#  5|base.verbose(text) - executing verbose(text)(Hello World! It's now $(sysdate|now|yyyy-MM-dd HH:mm:ss.S))
2020-10-15 17:44:41,903|I|Thread-1|MyNexial2Demo.20201015_174438.001|Scenario|Activity 1|#  5|base.verbose(text) - Hello World! It's now 2020-10-15 17:44:41.711
2020-10-15 17:44:42,255|I|Thread-1|MyNexial2Demo.20201015_174438.001|Scenario|Activity 1|#  5|base.verbose(text) - PASS 
2020-10-15 17:44:42,263|I|Thread-1|MyNexial2Demo.20201015_174438.001|Scenario|Activity 2 - executing activity
2020-10-15 17:44:42,863|I|Thread-1|MyNexial2Demo.20201015_174438.001|Scenario|Activity 2|#  6|web.open(url) - executing open(url)(https://opensource-demo.orangehrmlive.com/)
2020-10-15 17:44:42,912|I|Thread-1|No valid instance of webdriver, initializing...
2020-10-15 17:44:42,912|I|Thread-1|init firefox
2020-10-15 17:44:52,173|I|Thread-1|browser initialization completed for 'firefox'
2020-10-15 17:44:52,254|I|Thread-1|setting browser page load timeout to 15000 ms
2020-10-15 17:44:52,316|I|Thread-1|setting browser polling wait time to 800 ms
2020-10-15 17:45:04,654|I|Thread-1|current browser window handle:16
2020-10-15 17:45:04,814|I|Thread-1|MyNexial2Demo.20201015_174438.001|Scenario|Activity 2|#  6|web.open(url) - PASS opened URL https://opensource-demo.orangehrmlive.com/
2020-10-15 17:45:05,417|I|Thread-1|MyNexial2Demo.20201015_174438.001|Scenario|Activity 2|#  7|web.click(locator) - executing click(locator)(//input[@id='txtUsername'])
2020-10-15 17:45:05,477|I|Thread-1|clicking '//input[@id='txtUsername']'...
2020-10-15 17:45:05,508|I|Thread-1|click target via JS, @id=txtUsername
2020-10-15 17:45:05,540|I|Thread-1|clicked -> true
2020-10-15 17:45:05,540|I|Thread-1|MyNexial2Demo.20201015_174438.001|Scenario|Activity 2|#  7|web.click(locator) - PASS click via JS event
2020-10-15 17:45:06,141|I|Thread-1|MyNexial2Demo.20201015_174438.001|Scenario|Activity 2|#  8|web.type(locator,value) - executing type(locator,value)(//input[@id='txtUsername'], Admin)
2020-10-15 17:45:06,443|I|Thread-1|MyNexial2Demo.20201015_174438.001|Scenario|Activity 2|#  8|web.type(locator,value) - PASS typed text at '//input[@id='txtUsername']'
2020-10-15 17:45:07,060|I|Thread-1|MyNexial2Demo.20201015_174438.001|Scenario|Activity 2|#  9|web.click(locator) - executing click(locator)(//input[@id='txtPassword'])
2020-10-15 17:45:07,082|I|Thread-1|clicking '//input[@id='txtPassword']'...
2020-10-15 17:45:07,098|I|Thread-1|click target via JS, @id=txtPassword
2020-10-15 17:45:07,129|I|Thread-1|clicked -> true
2020-10-15 17:45:07,144|I|Thread-1|MyNexial2Demo.20201015_174438.001|Scenario|Activity 2|#  9|web.click(locator) - PASS click via JS event
2020-10-15 17:45:07,747|I|Thread-1|MyNexial2Demo.20201015_174438.001|Scenario|Activity 2|# 10|web.type(locator,value) - executing type(locator,value)(//input[@id='txtPassword'], admin123)
2020-10-15 17:45:08,064|I|Thread-1|MyNexial2Demo.20201015_174438.001|Scenario|Activity 2|# 10|web.type(locator,value) - PASS typed text at '//input[@id='txtPassword']'
2020-10-15 17:45:08,669|I|Thread-1|MyNexial2Demo.20201015_174438.001|Scenario|Activity 2|# 11|web.click(locator) - executing click(locator)(//input[@id='btnLogin'])
2020-10-15 17:45:08,703|I|Thread-1|clicking '//input[@id='btnLogin']'...
2020-10-15 17:45:08,750|I|Thread-1|click target via JS, @id=btnLogin
2020-10-15 17:45:08,850|I|Thread-1|clicked -> true
2020-10-15 17:45:08,850|I|Thread-1|MyNexial2Demo.20201015_174438.001|Scenario|Activity 2|# 11|web.click(locator) - PASS click via JS event
2020-10-15 17:45:09,468|I|Thread-1|MyNexial2Demo.20201015_174438.001|Scenario|Activity 2|# 12|web.wait(waitMs) - executing wait(waitMs)(6000)
2020-10-15 17:45:15,481|I|Thread-1|MyNexial2Demo.20201015_174438.001|Scenario|Activity 2|# 12|web.wait(waitMs) - PASS waited 6000ms
2020-10-15 17:45:16,109|I|Thread-1|MyNexial2Demo.20201015_174438.001|Scenario|Activity 2|# 13|web.assertElementByText(l - executing assertElementByText(locator,text)(//a[@id='welcome'], Welcome Paul)
2020-10-15 17:45:16,193|I|Thread-1|MyNexial2Demo.20201015_174438.001|Scenario|Activity 2|# 13|web.assertElementByText(l - PASS validated locator '//a[@id='welcome']' by text 'Welcome Paul' as EXPECTED
2020-10-15 17:45:16,193|I|Thread-1|MyNexial2Demo.20201015_174438.001|Scenario|Activity 3 - executing activity
2020-10-15 17:45:16,794|I|Thread-1|MyNexial2Demo.20201015_174438.001|Scenario|Activity 3|# 14|web.wait(waitMs) - executing wait(waitMs)(1000)
2020-10-15 17:45:17,807|I|Thread-1|MyNexial2Demo.20201015_174438.001|Scenario|Activity 3|# 14|web.wait(waitMs) - PASS waited 1000ms
2020-10-15 17:45:18,428|I|Thread-1|MyNexial2Demo.20201015_174438.001|Scenario|Activity 3|# 15|web.click(locator) - executing click(locator)(//a[@id='welcome'])
2020-10-15 17:45:18,464|I|Thread-1|clicking '//a[@id='welcome']'...
2020-10-15 17:45:18,511|I|Thread-1|click target via JS, @id=welcome
2020-10-15 17:45:18,606|I|Thread-1|clicked -> true
2020-10-15 17:45:18,606|I|Thread-1|MyNexial2Demo.20201015_174438.001|Scenario|Activity 3|# 15|web.click(locator) - PASS click via JS event
2020-10-15 17:45:19,230|I|Thread-1|MyNexial2Demo.20201015_174438.001|Scenario|Activity 3|# 16|web.click(locator) - executing click(locator)(//a[contains(text(),'Logout')]
)
2020-10-15 17:45:19,283|I|Thread-1|clicking '//a[contains(text(),'Logout')]
'...
2020-10-15 17:45:19,330|I|Thread-1|click target via JS, @id=
2020-10-15 17:45:19,394|I|Thread-1|clicked -> true
2020-10-15 17:45:19,517|I|Thread-1|MyNexial2Demo.20201015_174438.001|Scenario|Activity 3|# 16|web.click(locator) - PASS click via JS event
2020-10-15 17:45:19,733|I|Thread-1|[MyNexial2Demo.20201015_174438.001|Scenario] saving test scenario
2020-10-15 17:45:20,056|I|Thread-1|[20201015_174433] 
/-TEST COMPLETE-----------------------------------------------------------------
| Test Output:    C:\projects\MyNexial2Demo\output\20201015_174433\MyNexial2Demo.20201015_174438.001.xlsx
| Iteration:      1
\-------------------------------------------------------------------------------
» Execution Time: 38989 ms
» Test Steps:     12
» Error(s):       0



2020-10-15 17:45:22,643|I|Thread-1|[20201015_174433] 
/-TEST COMPLETE-----------------------------------------------------------------
| Test Script:    C:\projects\MyNexial2Demo\artifact\script\MyNexial2Demo.xlsx
\-------------------------------------------------------------------------------
» Execution Time: 48676 ms
» Iterations:     [1] total 1
» Test Steps:     12
» Passed:         12
» Error(s):       0
» Iteration 1 of 1: C:\projects\MyNexial2Demo\output\20201015_174433\MyNexial2Demo.20201015_174438.001.xlsx



2020-10-15 17:45:22,643|I|Thread-1|nexial mailer not enabled: nexial.enableEmail=false
2020-10-15 17:45:23,365|I|main|[20201015_174433] [C:\projects\MyNexial2Demo\artifact\script\MyNexial2Demo.xlsx] now completed
2020-10-15 17:45:23,365|I|main|[20201015_174433] all execution thread(s) have terminated
2020-10-15 17:45:23,369|I|main|[20201015_174433] test run completed in about 49 seconds
2020-10-15 17:45:23,563|I|main|No predefined nexial-setup found
2020-10-15 17:45:23,637|I|main|outputBase not set; output-to-cloud DISABLED!
2020-10-15 17:45:23,637|I|main|accessKey not set; output-to-cloud DISABLED!
2020-10-15 17:45:23,641|I|main|secretKey not set; output-to-cloud DISABLED!
2020-10-15 17:45:23,641|I|main|generating HTML output for this execution to C:\projects\MyNexial2Demo\output\20201015_174433\execution-output.html
2020-10-15 17:45:24,564|I|main|generating JUnit XML output for this execution to C:\projects\MyNexial2Demo\output\20201015_174433\junit.xml
2020-10-15 17:45:24,633|I|main|generated JUnit report for this execution: C:\projects\MyNexial2Demo\output\20201015_174433\junit.xml
2020-10-15 17:45:24,649|I|main|nexial mailer not enabled: nexial.enableEmail=false
2020-10-15 17:45:24,649|I|main|skipped email notification as configured
2020-10-15 17:45:24,649|I|main|exiting Nexial...
2020-10-15 17:45:24,649|I|main|shutdown starts...
2020-10-15 17:45:24,649|I|main|Shutting down 'firefox' webdriver...
2020-10-15 17:45:25,651|I|main|Quits this driver, closing every associated window.
2020-10-15 17:45:31,826|I|main|shutdown ends...
2020-10-15 17:45:31,826|I|main|

/-END OF EXECUTION--------------------------------------------------------------
| » Execution Time: 49 sec.
| » Test Steps....: 12
| » Passed........: 12
| » Failed........: 0
| » Success Rate..: 100.00%
\----------------------------------------------------------nexial-core 3.0_0816-

2020-10-15 17:45:31,826|I|main|ALL PASSED!
2020-10-15 17:45:31,826|I|main|End of Execution:
NEXIAL_OUTPUT:         C:\projects\MyNexial2Demo\output\20201015_174433
NEXIAL_EXECUTION_HTML: C:\projects\MyNexial2Demo\output\20201015_174433\execution-output.html
NEXIAL_JUNIT_XML:      C:\projects\MyNexial2Demo\output\20201015_174433\junit.xml
NEXIAL_SUCCESS_RATE:   100.00%
NEXIAL_EXIT_STATUS:    0
