2020-06-24 16:32:11,900|I|Thread-1|(DELAYED) nexial-core 3.0_0816 starting up...
2020-06-24 16:32:11,912|I|Thread-1|(DELAYED) cleaning up outdated temp files...
2020-06-24 16:32:11,916|I|Thread-1|(DELAYED) data file resolved as C:\Users\MAYUR~1.PAT\AppData\Local\Temp\CBFFU\MyNexial2Demo.data.xlsx
2020-06-24 16:32:11,916|I|Thread-1|(DELAYED) input files and output directory resolved...
2020-06-24 16:32:11,916|I|Thread-1|(DELAYED) No predefined nexial-setup found
2020-06-24 16:32:11,916|I|Thread-1|(DELAYED) [20200624_163211] [C:\projects\MyNexial2Demo\artifact\script\MyNexial2Demo.xlsx] resolve RUN ID as 20200624_163211
2020-06-24 16:32:11,916|I|Thread-1|(DELAYED) [20200624_163211] [C:\projects\MyNexial2Demo\artifact\script\MyNexial2Demo.xlsx] new thread started
2020-06-24 16:32:11,916|I|Thread-1|No predefined nexial-setup found
2020-06-24 16:32:13,140|I|Thread-1|outputBase not set; output-to-cloud DISABLED!
2020-06-24 16:32:13,140|I|Thread-1|accessKey not set; output-to-cloud DISABLED!
2020-06-24 16:32:13,140|I|Thread-1|secretKey not set; output-to-cloud DISABLED!
2020-06-24 16:32:14,286|I|Thread-1|missing REQUIRED configuration; sms DISABLED!
2020-06-24 16:32:17,479|I|Thread-1|On-Demand Inspection detection enabled
2020-06-24 16:32:17,479|I|Thread-1|[20200624_163211] executing C:\projects\MyNexial2Demo\artifact\script\MyNexial2Demo.xlsx with 1 iteration(s)
2020-06-24 16:32:17,487|I|Thread-1|[20200624_163211] create directory C:\projects\MyNexial2Demo\output\20200624_163211\captures
2020-06-24 16:32:17,491|I|Thread-1|[20200624_163211] create directory C:\projects\MyNexial2Demo\output\20200624_163211\logs
2020-06-24 16:32:19,249|I|Thread-1|[20200624_163211] merging test data to tmp file C:\projects\MyNexial2Demo\output\20200624_163211\MyNexial2Demo.20200624_163217.001.xlsx
2020-06-24 16:32:19,253|I|Thread-1|refetch data from C:\projects\MyNexial2Demo\artifact\data\MyNexial2Demo.data.xlsx
2020-06-24 16:32:19,976|I|Thread-1|[20200624_163211] test script and test data merged to C:\projects\MyNexial2Demo\output\20200624_163211\MyNexial2Demo.20200624_163217.001.xlsx
2020-06-24 16:32:21,679|I|Thread-1|STARTS
2020-06-24 16:32:21,731|I|Thread-1|MyNexial2Demo.20200624_163217.001 - executing iteration #1 of 1; Iteration Id 1
2020-06-24 16:32:21,751|I|Thread-1|MyNexial2Demo.20200624_163217.001|Scenario - executing test scenario
2020-06-24 16:32:21,755|I|Thread-1|MyNexial2Demo.20200624_163217.001|Scenario|Activity 1 - executing activity
2020-06-24 16:32:22,369|I|Thread-1|MyNexial2Demo.20200624_163217.001|Scenario|Activity 1|#  5|base.verbose(text) - executing verbose(text)(Hello World! It's now $(sysdate|now|yyyy-MM-dd HH:mm:ss.S))
2020-06-24 16:32:22,589|I|Thread-1|MyNexial2Demo.20200624_163217.001|Scenario|Activity 1|#  5|base.verbose(text) - Hello World! It's now 2020-06-24 16:32:22.405
2020-06-24 16:32:22,817|I|Thread-1|MyNexial2Demo.20200624_163217.001|Scenario|Activity 1|#  5|base.verbose(text) - PASS 
2020-06-24 16:32:22,821|I|Thread-1|MyNexial2Demo.20200624_163217.001|Scenario|Activity 2 - executing activity
2020-06-24 16:32:23,422|I|Thread-1|MyNexial2Demo.20200624_163217.001|Scenario|Activity 2|#  6|web.open(url) - executing open(url)(https://opensource-demo.orangehrmlive.com/)
2020-06-24 16:32:23,521|I|Thread-1|No valid instance of webdriver, initializing...
2020-06-24 16:32:23,529|I|Thread-1|init firefox
2020-06-24 16:32:32,952|I|Thread-1|browser initialization completed for 'firefox'
2020-06-24 16:32:32,980|I|Thread-1|setting browser page load timeout to 15000 ms
2020-06-24 16:32:32,988|I|Thread-1|setting browser polling wait time to 800 ms
2020-06-24 16:32:38,138|I|Thread-1|current browser window handle:18
2020-06-24 16:32:38,299|I|Thread-1|MyNexial2Demo.20200624_163217.001|Scenario|Activity 2|#  6|web.open(url) - PASS opened URL https://opensource-demo.orangehrmlive.com/
2020-06-24 16:32:38,902|I|Thread-1|MyNexial2Demo.20200624_163217.001|Scenario|Activity 2|#  7|web.click(locator) - executing click(locator)(//input[@id='txtUsername'])
2020-06-24 16:32:38,934|I|Thread-1|clicking '//input[@id='txtUsername']'...
2020-06-24 16:32:38,961|I|Thread-1|click target via JS, @id=txtUsername
2020-06-24 16:32:38,988|I|Thread-1|clicked -> true
2020-06-24 16:32:38,989|I|Thread-1|MyNexial2Demo.20200624_163217.001|Scenario|Activity 2|#  7|web.click(locator) - PASS click via JS event
2020-06-24 16:32:39,591|I|Thread-1|MyNexial2Demo.20200624_163217.001|Scenario|Activity 2|#  8|web.type(locator,value) - executing type(locator,value)(//input[@id='txtUsername'], Admin)
2020-06-24 16:32:39,734|I|Thread-1|MyNexial2Demo.20200624_163217.001|Scenario|Activity 2|#  8|web.type(locator,value) - PASS typed text at '//input[@id='txtUsername']'
2020-06-24 16:32:40,341|I|Thread-1|MyNexial2Demo.20200624_163217.001|Scenario|Activity 2|#  9|web.click(locator) - executing click(locator)(//input[@id='txtPassword'])
2020-06-24 16:32:40,355|I|Thread-1|clicking '//input[@id='txtPassword']'...
2020-06-24 16:32:40,373|I|Thread-1|click target via JS, @id=txtPassword
2020-06-24 16:32:40,395|I|Thread-1|clicked -> true
2020-06-24 16:32:40,395|I|Thread-1|MyNexial2Demo.20200624_163217.001|Scenario|Activity 2|#  9|web.click(locator) - PASS click via JS event
2020-06-24 16:32:40,999|I|Thread-1|MyNexial2Demo.20200624_163217.001|Scenario|Activity 2|# 10|web.type(locator,value) - executing type(locator,value)(//input[@id='txtPassword'], admin123)
2020-06-24 16:32:41,175|I|Thread-1|MyNexial2Demo.20200624_163217.001|Scenario|Activity 2|# 10|web.type(locator,value) - PASS typed text at '//input[@id='txtPassword']'
2020-06-24 16:32:41,781|I|Thread-1|MyNexial2Demo.20200624_163217.001|Scenario|Activity 2|# 11|web.click(locator) - executing click(locator)(//input[@id='btnLogin'])
2020-06-24 16:32:41,809|I|Thread-1|clicking '//input[@id='btnLogin']'...
2020-06-24 16:32:41,849|I|Thread-1|click target via JS, @id=btnLogin
2020-06-24 16:32:41,901|I|Thread-1|clicked -> true
2020-06-24 16:32:41,905|I|Thread-1|MyNexial2Demo.20200624_163217.001|Scenario|Activity 2|# 11|web.click(locator) - PASS click via JS event
2020-06-24 16:32:42,509|I|Thread-1|MyNexial2Demo.20200624_163217.001|Scenario|Activity 2|# 12|web.assertText(locator,te - executing assertText(locator,text)(//a[@id='welcome'], Welcome Admin)
2020-06-24 16:32:43,341|E|Thread-1|MyNexial2Demo.20200624_163217.001|Scenario|Activity 2|# 12|web.assertText(locator,te - Unable to locate element: //a[@id='welcome']
2020-06-24 16:32:43,862|E|Thread-1|Check corresponding error log for details: C:\projects\MyNexial2Demo\output\20200624_163211\logs\MyNexial2Demo.20200624_163217.001.xlsx_Scenario_A12.log
2020-06-24 16:32:43,866|E|Thread-1|MyNexial2Demo.20200624_163217.001|Scenario|Activity 2|# 12|web.assertText(locator,te - FAIL 
expected=Welcome Admin
actual  =<null/undefined>
2020-06-24 16:32:43,870|E|Thread-1|MyNexial2Demo.20200624_163217.001|Scenario|Activity 2|# 12|web.assertText(locator,te - Error log: C:\projects\MyNexial2Demo\output\20200624_163211\logs\MyNexial2Demo.20200624_163217.001.xlsx_Scenario_A12.log
2020-06-24 16:32:44,198|I|Thread-1|[MyNexial2Demo.20200624_163217.001|Scenario] saving test scenario
2020-06-24 16:32:44,574|I|Thread-1|[20200624_163211] 
/-TEST COMPLETE-----------------------------------------------------------------
| Test Output:    C:\projects\MyNexial2Demo\output\20200624_163211\MyNexial2Demo.20200624_163217.001.xlsx
| Iteration:      1
\-------------------------------------------------------------------------------
» Execution Time: 22827 ms
» Test Steps:     8
» Error(s):       1



2020-06-24 16:32:46,867|I|Thread-1|[20200624_163211] 
/-TEST COMPLETE-----------------------------------------------------------------
| Test Script:    C:\projects\MyNexial2Demo\artifact\script\MyNexial2Demo.xlsx
\-------------------------------------------------------------------------------
» Execution Time: 35345 ms
» Iterations:     [1] total 1
» Test Steps:     8
» Passed:         7
» Error(s):       1
» Iteration 1 of 1: C:\projects\MyNexial2Demo\output\20200624_163211\MyNexial2Demo.20200624_163217.001.xlsx



2020-06-24 16:32:46,871|I|Thread-1|nexial mailer not enabled: nexial.enableEmail=false
2020-06-24 16:32:47,740|I|main|[20200624_163211] [C:\projects\MyNexial2Demo\artifact\script\MyNexial2Demo.xlsx] now completed
2020-06-24 16:32:47,740|I|main|[20200624_163211] all execution thread(s) have terminated
2020-06-24 16:32:47,744|I|main|[20200624_163211] test run completed in about 36 seconds
2020-06-24 16:32:48,012|I|main|No predefined nexial-setup found
2020-06-24 16:32:48,076|I|main|outputBase not set; output-to-cloud DISABLED!
2020-06-24 16:32:48,076|I|main|accessKey not set; output-to-cloud DISABLED!
2020-06-24 16:32:48,080|I|main|secretKey not set; output-to-cloud DISABLED!
2020-06-24 16:32:48,080|I|main|generating HTML output for this execution to C:\projects\MyNexial2Demo\output\20200624_163211\execution-output.html
2020-06-24 16:32:49,433|I|main|generating JUnit XML output for this execution to C:\projects\MyNexial2Demo\output\20200624_163211\junit.xml
2020-06-24 16:32:49,584|I|main|generated JUnit report for this execution: C:\projects\MyNexial2Demo\output\20200624_163211\junit.xml
2020-06-24 16:32:49,636|I|main|nexial mailer not enabled: nexial.enableEmail=false
2020-06-24 16:32:49,636|I|main|skipped email notification as configured
2020-06-24 16:32:49,640|I|main|exiting Nexial...
2020-06-24 16:32:49,640|I|main|shutdown starts...
2020-06-24 16:32:49,640|I|main|Shutting down 'firefox' webdriver...
2020-06-24 16:32:50,642|I|main|Quits this driver, closing every associated window.
2020-06-24 16:33:02,289|I|main|shutdown ends...
2020-06-24 16:33:02,293|I|main|

/-END OF EXECUTION--------------------------------------------------------------
| » Execution Time: 36 sec.
| » Test Steps....: 8
| » Passed........: 7
| » Failed........: 1
| » Success Rate..: 87.50%
\----------------------------------------------------------nexial-core 3.0_0816-

2020-06-24 16:33:02,297|E|main|failure found; success rate is 87.50%
2020-06-24 16:33:02,321|I|main|End of Execution:
NEXIAL_OUTPUT:         C:\projects\MyNexial2Demo\output\20200624_163211
NEXIAL_EXECUTION_HTML: C:\projects\MyNexial2Demo\output\20200624_163211\execution-output.html
NEXIAL_JUNIT_XML:      C:\projects\MyNexial2Demo\output\20200624_163211\junit.xml
NEXIAL_SUCCESS_RATE:   87.50%
NEXIAL_EXIT_STATUS:    -13
