2020-06-22 19:52:02,144|I|Thread-1|(DELAYED) nexial-core 3.0_0816 starting up...
2020-06-22 19:52:02,154|I|Thread-1|(DELAYED) cleaning up outdated temp files...
2020-06-22 19:52:02,155|I|Thread-1|(DELAYED) data file resolved as C:\Users\MAYUR~1.PAT\AppData\Local\Temp\cSdEh\MyNexial2Demo.data.xlsx
2020-06-22 19:52:02,155|I|Thread-1|(DELAYED) input files and output directory resolved...
2020-06-22 19:52:02,155|I|Thread-1|(DELAYED) No predefined nexial-setup found
2020-06-22 19:52:02,155|I|Thread-1|(DELAYED) [20200622_195201] [C:\projects\MyNexial2Demo\artifact\script\MyNexial2Demo.xlsx] resolve RUN ID as 20200622_195201
2020-06-22 19:52:02,156|I|Thread-1|(DELAYED) [20200622_195201] [C:\projects\MyNexial2Demo\artifact\script\MyNexial2Demo.xlsx] new thread started
2020-06-22 19:52:02,156|I|Thread-1|No predefined nexial-setup found
2020-06-22 19:52:03,017|I|Thread-1|outputBase not set; output-to-cloud DISABLED!
2020-06-22 19:52:03,018|I|Thread-1|accessKey not set; output-to-cloud DISABLED!
2020-06-22 19:52:03,020|I|Thread-1|secretKey not set; output-to-cloud DISABLED!
2020-06-22 19:52:03,717|I|Thread-1|missing REQUIRED configuration; sms DISABLED!
2020-06-22 19:52:06,148|I|Thread-1|On-Demand Inspection detection enabled
2020-06-22 19:52:06,152|I|Thread-1|[20200622_195201] executing C:\projects\MyNexial2Demo\artifact\script\MyNexial2Demo.xlsx with 1 iteration(s)
2020-06-22 19:52:06,161|I|Thread-1|[20200622_195201] create directory C:\projects\MyNexial2Demo\output\20200622_195201\captures
2020-06-22 19:52:06,171|I|Thread-1|[20200622_195201] create directory C:\projects\MyNexial2Demo\output\20200622_195201\logs
2020-06-22 19:52:48,731|I|Thread-1|[20200622_195201] merging test data to tmp file C:\projects\MyNexial2Demo\output\20200622_195201\MyNexial2Demo.20200622_195206.001.xlsx
2020-06-22 19:52:48,733|I|Thread-1|refetch data from C:\projects\MyNexial2Demo\artifact\data\MyNexial2Demo.data.xlsx
2020-06-22 19:52:51,405|I|Thread-1|[20200622_195201] test script and test data merged to C:\projects\MyNexial2Demo\output\20200622_195201\MyNexial2Demo.20200622_195206.001.xlsx
2020-06-22 19:53:37,577|I|Thread-1|STARTS
2020-06-22 19:53:37,608|I|Thread-1|MyNexial2Demo.20200622_195206.001 - executing iteration #1 of 1; Iteration Id 1
2020-06-22 19:53:37,832|I|Thread-1|MyNexial2Demo.20200622_195206.001|Scenario - executing test scenario
2020-06-22 19:53:37,845|I|Thread-1|MyNexial2Demo.20200622_195206.001|Scenario|Activity 1 - executing activity
2020-06-22 19:53:38,465|I|Thread-1|MyNexial2Demo.20200622_195206.001|Scenario|Activity 1|#  5|base.verbose(text) - executing verbose(text)(Hello World! It's now $(sysdate|now|yyyy-MM-dd HH:mm:ss.S))
2020-06-22 19:53:38,718|I|Thread-1|MyNexial2Demo.20200622_195206.001|Scenario|Activity 1|#  5|base.verbose(text) - Hello World! It's now 2020-06-22 19:53:38.494
2020-06-22 19:53:38,980|I|Thread-1|MyNexial2Demo.20200622_195206.001|Scenario|Activity 1|#  5|base.verbose(text) - PASS 
2020-06-22 19:53:39,135|I|Thread-1|[MyNexial2Demo.20200622_195206.001|Scenario] saving test scenario
2020-06-22 19:53:40,479|I|Thread-1|[20200622_195201] 
/-TEST COMPLETE-----------------------------------------------------------------
| Test Output:    C:\projects\MyNexial2Demo\output\20200622_195201\MyNexial2Demo.20200622_195206.001.xlsx
| Iteration:      1
\-------------------------------------------------------------------------------
» Execution Time: 2846 ms
» Test Steps:     1
» Error(s):       0



2020-06-22 19:55:07,062|I|Thread-1|[20200622_195201] 
/-TEST COMPLETE-----------------------------------------------------------------
| Test Script:    C:\projects\MyNexial2Demo\artifact\script\MyNexial2Demo.xlsx
\-------------------------------------------------------------------------------
» Execution Time: 185206 ms
» Iterations:     [1] total 1
» Test Steps:     1
» Passed:         1
» Error(s):       0
» Iteration 1 of 1: C:\projects\MyNexial2Demo\output\20200622_195201\MyNexial2Demo.20200622_195206.001.xlsx



2020-06-22 19:55:07,064|I|Thread-1|nexial mailer not enabled: nexial.enableEmail=false
2020-06-22 19:55:07,917|I|main|[20200622_195201] [C:\projects\MyNexial2Demo\artifact\script\MyNexial2Demo.xlsx] now completed
2020-06-22 19:55:07,918|I|main|[20200622_195201] all execution thread(s) have terminated
2020-06-22 19:55:07,919|I|main|[20200622_195201] test run completed in about 186 seconds
2020-06-22 19:55:08,095|I|main|No predefined nexial-setup found
2020-06-22 19:55:08,160|I|main|outputBase not set; output-to-cloud DISABLED!
2020-06-22 19:55:08,161|I|main|accessKey not set; output-to-cloud DISABLED!
2020-06-22 19:55:08,162|I|main|secretKey not set; output-to-cloud DISABLED!
2020-06-22 19:55:08,164|I|main|generating HTML output for this execution to C:\projects\MyNexial2Demo\output\20200622_195201\execution-output.html
2020-06-22 19:55:09,339|I|main|generating JUnit XML output for this execution to C:\projects\MyNexial2Demo\output\20200622_195201\junit.xml
2020-06-22 19:55:09,411|I|main|generated JUnit report for this execution: C:\projects\MyNexial2Demo\output\20200622_195201\junit.xml
2020-06-22 19:55:09,450|I|main|nexial mailer not enabled: nexial.enableEmail=false
2020-06-22 19:55:09,451|I|main|skipped email notification as configured
2020-06-22 19:55:09,452|I|main|exiting Nexial...
2020-06-22 19:55:09,453|I|main|shutdown starts...
2020-06-22 19:55:09,454|I|main|shutdown ends...
2020-06-22 19:55:09,457|I|main|

/-END OF EXECUTION--------------------------------------------------------------
| » Execution Time: 186 sec.
| » Test Steps....: 1
| » Passed........: 1
| » Failed........: 0
| » Success Rate..: 100.00%
\----------------------------------------------------------nexial-core 3.0_0816-

2020-06-22 19:55:09,459|I|main|ALL PASSED!
2020-06-22 19:55:09,465|I|main|End of Execution:
NEXIAL_OUTPUT:         C:\projects\MyNexial2Demo\output\20200622_195201
NEXIAL_EXECUTION_HTML: C:\projects\MyNexial2Demo\output\20200622_195201\execution-output.html
NEXIAL_JUNIT_XML:      C:\projects\MyNexial2Demo\output\20200622_195201\junit.xml
NEXIAL_SUCCESS_RATE:   100.00%
NEXIAL_EXIT_STATUS:    0
