2020-10-15 17:14:17,617|I|Thread-1|(DELAYED) nexial-core 3.0_0816 starting up...
2020-10-15 17:14:17,625|I|Thread-1|(DELAYED) cleaning up outdated temp files...
2020-10-15 17:14:17,625|I|Thread-1|(DELAYED) data file resolved as C:\Users\MAYUR~1.PAT\AppData\Local\Temp\XiOgD\MyNexial2Demo.data.xlsx
2020-10-15 17:14:17,633|I|Thread-1|(DELAYED) input files and output directory resolved...
2020-10-15 17:14:17,633|I|Thread-1|(DELAYED) No predefined nexial-setup found
2020-10-15 17:14:17,633|I|Thread-1|(DELAYED) [20201015_171417] [C:\projects\MyNexial2Demo\artifact\script\MyNexial2Demo.xlsx] resolve RUN ID as 20201015_171417
2020-10-15 17:14:17,633|I|Thread-1|(DELAYED) [20201015_171417] [C:\projects\MyNexial2Demo\artifact\script\MyNexial2Demo.xlsx] new thread started
2020-10-15 17:14:17,633|I|Thread-1|No predefined nexial-setup found
2020-10-15 17:14:18,723|I|Thread-1|outputBase not set; output-to-cloud DISABLED!
2020-10-15 17:14:18,723|I|Thread-1|accessKey not set; output-to-cloud DISABLED!
2020-10-15 17:14:18,723|I|Thread-1|secretKey not set; output-to-cloud DISABLED!
2020-10-15 17:14:19,541|I|Thread-1|missing REQUIRED configuration; sms DISABLED!
2020-10-15 17:14:21,857|I|Thread-1|On-Demand Inspection detection enabled
2020-10-15 17:14:21,857|I|Thread-1|[20201015_171417] executing C:\projects\MyNexial2Demo\artifact\script\MyNexial2Demo.xlsx with 1 iteration(s)
2020-10-15 17:14:21,865|I|Thread-1|[20201015_171417] create directory C:\projects\MyNexial2Demo\output\20201015_171417\captures
2020-10-15 17:14:21,873|I|Thread-1|[20201015_171417] create directory C:\projects\MyNexial2Demo\output\20201015_171417\logs
2020-10-15 17:14:23,095|I|Thread-1|[20201015_171417] merging test data to tmp file C:\projects\MyNexial2Demo\output\20201015_171417\MyNexial2Demo.20201015_171421.001.xlsx
2020-10-15 17:14:23,095|I|Thread-1|refetch data from C:\projects\MyNexial2Demo\artifact\data\MyNexial2Demo.data.xlsx
2020-10-15 17:14:23,590|I|Thread-1|[20201015_171417] test script and test data merged to C:\projects\MyNexial2Demo\output\20201015_171417\MyNexial2Demo.20201015_171421.001.xlsx
2020-10-15 17:14:24,737|I|Thread-1|STARTS
2020-10-15 17:14:24,777|I|Thread-1|MyNexial2Demo.20201015_171421.001 - executing iteration #1 of 1; Iteration Id 1
2020-10-15 17:14:24,785|I|Thread-1|MyNexial2Demo.20201015_171421.001|Scenario - executing test scenario
2020-10-15 17:14:24,785|I|Thread-1|MyNexial2Demo.20201015_171421.001|Scenario|Activity 1 - executing activity
2020-10-15 17:14:25,395|I|Thread-1|MyNexial2Demo.20201015_171421.001|Scenario|Activity 1|#  5|base.verbose(text) - executing verbose(text)(Hello World! It's now $(sysdate|now|yyyy-MM-dd HH:mm:ss.S))
2020-10-15 17:14:25,562|I|Thread-1|MyNexial2Demo.20201015_171421.001|Scenario|Activity 1|#  5|base.verbose(text) - Hello World! It's now 2020-10-15 17:14:25.443
2020-10-15 17:14:25,810|I|Thread-1|MyNexial2Demo.20201015_171421.001|Scenario|Activity 1|#  5|base.verbose(text) - PASS 
2020-10-15 17:14:25,810|I|Thread-1|MyNexial2Demo.20201015_171421.001|Scenario|Activity 2 - executing activity
2020-10-15 17:14:26,417|I|Thread-1|MyNexial2Demo.20201015_171421.001|Scenario|Activity 2|#  6|web.open(url) - executing open(url)(https://opensource-demo.orangehrmlive.com/)
2020-10-15 17:14:26,489|I|Thread-1|No valid instance of webdriver, initializing...
2020-10-15 17:14:26,489|I|Thread-1|init firefox
2020-10-15 17:14:34,250|I|Thread-1|browser initialization completed for 'firefox'
2020-10-15 17:14:34,274|I|Thread-1|setting browser page load timeout to 15000 ms
2020-10-15 17:14:34,296|I|Thread-1|setting browser polling wait time to 800 ms
2020-10-15 17:14:42,786|I|Thread-1|current browser window handle:8
2020-10-15 17:14:42,986|I|Thread-1|MyNexial2Demo.20201015_171421.001|Scenario|Activity 2|#  6|web.open(url) - PASS opened URL https://opensource-demo.orangehrmlive.com/
2020-10-15 17:14:43,596|I|Thread-1|MyNexial2Demo.20201015_171421.001|Scenario|Activity 2|#  7|web.click(locator) - executing click(locator)(//input[@id='txtUsername'])
2020-10-15 17:14:43,663|I|Thread-1|clicking '//input[@id='txtUsername']'...
2020-10-15 17:14:43,695|I|Thread-1|click target via JS, @id=txtUsername
2020-10-15 17:14:43,727|I|Thread-1|clicked -> true
2020-10-15 17:14:43,735|I|Thread-1|MyNexial2Demo.20201015_171421.001|Scenario|Activity 2|#  7|web.click(locator) - PASS click via JS event
2020-10-15 17:14:44,340|I|Thread-1|MyNexial2Demo.20201015_171421.001|Scenario|Activity 2|#  8|web.type(locator,value) - executing type(locator,value)(//input[@id='txtUsername'], Admin)
2020-10-15 17:14:44,575|I|Thread-1|MyNexial2Demo.20201015_171421.001|Scenario|Activity 2|#  8|web.type(locator,value) - PASS typed text at '//input[@id='txtUsername']'
2020-10-15 17:14:45,186|I|Thread-1|MyNexial2Demo.20201015_171421.001|Scenario|Activity 2|#  9|web.click(locator) - executing click(locator)(//input[@id='txtPassword'])
2020-10-15 17:14:45,226|I|Thread-1|clicking '//input[@id='txtPassword']'...
2020-10-15 17:14:45,274|I|Thread-1|click target via JS, @id=txtPassword
2020-10-15 17:14:45,314|I|Thread-1|clicked -> true
2020-10-15 17:14:45,314|I|Thread-1|MyNexial2Demo.20201015_171421.001|Scenario|Activity 2|#  9|web.click(locator) - PASS click via JS event
2020-10-15 17:14:45,925|I|Thread-1|MyNexial2Demo.20201015_171421.001|Scenario|Activity 2|# 10|web.type(locator,value) - executing type(locator,value)(//input[@id='txtPassword'], admin123)
2020-10-15 17:14:46,157|I|Thread-1|MyNexial2Demo.20201015_171421.001|Scenario|Activity 2|# 10|web.type(locator,value) - PASS typed text at '//input[@id='txtPassword']'
2020-10-15 17:14:46,773|I|Thread-1|MyNexial2Demo.20201015_171421.001|Scenario|Activity 2|# 11|web.click(locator) - executing click(locator)(//input[@id='btnLogin'])
2020-10-15 17:14:46,805|I|Thread-1|clicking '//input[@id='btnLogin']'...
2020-10-15 17:14:46,853|I|Thread-1|click target via JS, @id=btnLogin
2020-10-15 17:14:46,917|I|Thread-1|clicked -> true
2020-10-15 17:14:46,917|I|Thread-1|MyNexial2Demo.20201015_171421.001|Scenario|Activity 2|# 11|web.click(locator) - PASS click via JS event
2020-10-15 17:14:47,525|I|Thread-1|MyNexial2Demo.20201015_171421.001|Scenario|Activity 2|# 12|web.waitForElementPresent - executing waitForElementPresent(locator)(//a[@id='welcome'])
2020-10-15 17:14:48,443|I|Thread-1|MyNexial2Demo.20201015_171421.001|Scenario|Activity 2|# 12|web.waitForElementPresent - Condition not be met on the current browser within specified wait time of 800 ms
2020-10-15 17:14:48,459|E|Thread-1|MyNexial2Demo.20201015_171421.001|Scenario|Activity 2|# 12|web.waitForElementPresent - FAIL null
2020-10-15 17:14:49,068|I|Thread-1|MyNexial2Demo.20201015_171421.001|Scenario|Activity 2|# 13|web.assertText(locator,te - executing assertText(locator,text)(//a[@id='welcome'], Welcome Paul)
2020-10-15 17:14:49,897|E|Thread-1|MyNexial2Demo.20201015_171421.001|Scenario|Activity 2|# 13|web.assertText(locator,te - Unable to locate element: //a[@id='welcome']
2020-10-15 17:14:50,196|E|Thread-1|Check corresponding error log for details: C:\projects\MyNexial2Demo\output\20201015_171417\logs\MyNexial2Demo.20201015_171421.001.xlsx_Scenario_A13.log
2020-10-15 17:14:50,197|E|Thread-1|MyNexial2Demo.20201015_171421.001|Scenario|Activity 2|# 13|web.assertText(locator,te - FAIL 
expected=Welcome Paul
actual  =<null/undefined>
2020-10-15 17:14:50,200|E|Thread-1|MyNexial2Demo.20201015_171421.001|Scenario|Activity 2|# 13|web.assertText(locator,te - Error log: C:\projects\MyNexial2Demo\output\20201015_171417\logs\MyNexial2Demo.20201015_171421.001.xlsx_Scenario_A13.log
2020-10-15 17:14:50,563|I|Thread-1|[MyNexial2Demo.20201015_171421.001|Scenario] saving test scenario
2020-10-15 17:14:51,013|I|Thread-1|[20201015_171417] 
/-TEST COMPLETE-----------------------------------------------------------------
| Test Output:    C:\projects\MyNexial2Demo\output\20201015_171417\MyNexial2Demo.20201015_171421.001.xlsx
| Iteration:      1
\-------------------------------------------------------------------------------
» Execution Time: 26229 ms
» Test Steps:     9
» Error(s):       2



2020-10-15 17:14:53,632|I|Thread-1|[20201015_171417] 
/-TEST COMPLETE-----------------------------------------------------------------
| Test Script:    C:\projects\MyNexial2Demo\artifact\script\MyNexial2Demo.xlsx
\-------------------------------------------------------------------------------
» Execution Time: 36379 ms
» Iterations:     [1] total 1
» Test Steps:     9
» Passed:         7
» Error(s):       2
» Iteration 1 of 1: C:\projects\MyNexial2Demo\output\20201015_171417\MyNexial2Demo.20201015_171421.001.xlsx



2020-10-15 17:14:53,634|I|Thread-1|nexial mailer not enabled: nexial.enableEmail=false
2020-10-15 17:14:54,320|I|main|[20201015_171417] [C:\projects\MyNexial2Demo\artifact\script\MyNexial2Demo.xlsx] now completed
2020-10-15 17:14:54,320|I|main|[20201015_171417] all execution thread(s) have terminated
2020-10-15 17:14:54,320|I|main|[20201015_171417] test run completed in about 37 seconds
2020-10-15 17:14:54,552|I|main|No predefined nexial-setup found
2020-10-15 17:14:54,628|I|main|outputBase not set; output-to-cloud DISABLED!
2020-10-15 17:14:54,628|I|main|accessKey not set; output-to-cloud DISABLED!
2020-10-15 17:14:54,628|I|main|secretKey not set; output-to-cloud DISABLED!
2020-10-15 17:14:54,632|I|main|generating HTML output for this execution to C:\projects\MyNexial2Demo\output\20201015_171417\execution-output.html
2020-10-15 17:14:55,629|I|main|generating JUnit XML output for this execution to C:\projects\MyNexial2Demo\output\20201015_171417\junit.xml
2020-10-15 17:14:55,709|I|main|generated JUnit report for this execution: C:\projects\MyNexial2Demo\output\20201015_171417\junit.xml
2020-10-15 17:14:55,733|I|main|nexial mailer not enabled: nexial.enableEmail=false
2020-10-15 17:14:55,733|I|main|skipped email notification as configured
2020-10-15 17:14:55,741|I|main|exiting Nexial...
2020-10-15 17:14:55,741|I|main|shutdown starts...
2020-10-15 17:14:55,741|I|main|Shutting down 'firefox' webdriver...
2020-10-15 17:14:56,744|I|main|Quits this driver, closing every associated window.
2020-10-15 17:15:04,306|I|main|shutdown ends...
2020-10-15 17:15:04,314|I|main|

/-END OF EXECUTION--------------------------------------------------------------
| » Execution Time: 37 sec.
| » Test Steps....: 9
| » Passed........: 7
| » Failed........: 2
| » Success Rate..: 77.78%
\----------------------------------------------------------nexial-core 3.0_0816-

2020-10-15 17:15:04,314|E|main|failure found; success rate is 77.78%
2020-10-15 17:15:04,322|I|main|End of Execution:
NEXIAL_OUTPUT:         C:\projects\MyNexial2Demo\output\20201015_171417
NEXIAL_EXECUTION_HTML: C:\projects\MyNexial2Demo\output\20201015_171417\execution-output.html
NEXIAL_JUNIT_XML:      C:\projects\MyNexial2Demo\output\20201015_171417\junit.xml
NEXIAL_SUCCESS_RATE:   77.78%
NEXIAL_EXIT_STATUS:    -13
